[04-Nov-2020 02:27:25 UTC] PHP Warning:  call_user_func_array() expects parameter 1 to be a valid callback, function 'limit_category_select1' not found or invalid function name in /Users/hiroki/Local Sites/nagisagas/app/public/wp-includes/class-wp-hook.php on line 287
[04-Nov-2020 02:27:25 UTC] PHP Stack trace:
[04-Nov-2020 02:27:25 UTC] PHP   1. {main}() /Users/hiroki/Local Sites/nagisagas/app/public/wp-admin/themes.php:0
[04-Nov-2020 02:27:25 UTC] PHP   2. require_once() /Users/hiroki/Local Sites/nagisagas/app/public/wp-admin/themes.php:1139
[04-Nov-2020 02:27:25 UTC] PHP   3. do_action() /Users/hiroki/Local Sites/nagisagas/app/public/wp-admin/admin-footer.php:95
[04-Nov-2020 02:27:25 UTC] PHP   4. WP_Hook->do_action() /Users/hiroki/Local Sites/nagisagas/app/public/wp-includes/plugin.php:478
[04-Nov-2020 02:27:25 UTC] PHP   5. WP_Hook->apply_filters() /Users/hiroki/Local Sites/nagisagas/app/public/wp-includes/class-wp-hook.php:311
[04-Nov-2020 02:27:56 UTC] PHP Warning:  call_user_func_array() expects parameter 1 to be a valid callback, function 'limit_category_select1' not found or invalid function name in /Users/hiroki/Local Sites/nagisagas/app/public/wp-includes/class-wp-hook.php on line 287
[04-Nov-2020 02:27:56 UTC] PHP Stack trace:
[04-Nov-2020 02:27:56 UTC] PHP   1. {main}() /Users/hiroki/Local Sites/nagisagas/app/public/wp-admin/themes.php:0
[04-Nov-2020 02:27:56 UTC] PHP   2. require_once() /Users/hiroki/Local Sites/nagisagas/app/public/wp-admin/themes.php:1139
[04-Nov-2020 02:27:56 UTC] PHP   3. do_action() /Users/hiroki/Local Sites/nagisagas/app/public/wp-admin/admin-footer.php:95
[04-Nov-2020 02:27:56 UTC] PHP   4. WP_Hook->do_action() /Users/hiroki/Local Sites/nagisagas/app/public/wp-includes/plugin.php:478
[04-Nov-2020 02:27:56 UTC] PHP   5. WP_Hook->apply_filters() /Users/hiroki/Local Sites/nagisagas/app/public/wp-includes/class-wp-hook.php:311
[04-Nov-2020 02:28:18 UTC] PHP Warning:  call_user_func_array() expects parameter 1 to be a valid callback, function 'limit_category_select1' not found or invalid function name in /Users/hiroki/Local Sites/nagisagas/app/public/wp-includes/class-wp-hook.php on line 287
[04-Nov-2020 02:28:18 UTC] PHP Stack trace:
[04-Nov-2020 02:28:18 UTC] PHP   1. {main}() /Users/hiroki/Local Sites/nagisagas/app/public/wp-admin/customize.php:0
[04-Nov-2020 02:28:18 UTC] PHP   2. do_action() /Users/hiroki/Local Sites/nagisagas/app/public/wp-admin/customize.php:281
[04-Nov-2020 02:28:18 UTC] PHP   3. WP_Hook->do_action() /Users/hiroki/Local Sites/nagisagas/app/public/wp-includes/plugin.php:478
[04-Nov-2020 02:28:18 UTC] PHP   4. WP_Hook->apply_filters() /Users/hiroki/Local Sites/nagisagas/app/public/wp-includes/class-wp-hook.php:311
[04-Nov-2020 02:28:18 UTC] PHP   5. WP_Customize_Widgets->print_footer_scripts() /Users/hiroki/Local Sites/nagisagas/app/public/wp-includes/class-wp-hook.php:287
[04-Nov-2020 02:28:18 UTC] PHP   6. do_action() /Users/hiroki/Local Sites/nagisagas/app/public/wp-includes/class-wp-customize-widgets.php:864
[04-Nov-2020 02:28:18 UTC] PHP   7. WP_Hook->do_action() /Users/hiroki/Local Sites/nagisagas/app/public/wp-includes/plugin.php:478
[04-Nov-2020 02:28:18 UTC] PHP   8. WP_Hook->apply_filters() /Users/hiroki/Local Sites/nagisagas/app/public/wp-includes/class-wp-hook.php:311
[04-Nov-2020 02:29:13 UTC] PHP Warning:  call_user_func_array() expects parameter 1 to be a valid callback, function 'limit_category_select1' not found or invalid function name in /Users/hiroki/Local Sites/nagisagas/app/public/wp-includes/class-wp-hook.php on line 287
[04-Nov-2020 02:29:13 UTC] PHP Stack trace:
[04-Nov-2020 02:29:13 UTC] PHP   1. {main}() /Users/hiroki/Local Sites/nagisagas/app/public/wp-admin/themes.php:0
[04-Nov-2020 02:29:13 UTC] PHP   2. require_once() /Users/hiroki/Local Sites/nagisagas/app/public/wp-admin/themes.php:1139
[04-Nov-2020 02:29:13 UTC] PHP   3. do_action() /Users/hiroki/Local Sites/nagisagas/app/public/wp-admin/admin-footer.php:95
[04-Nov-2020 02:29:13 UTC] PHP   4. WP_Hook->do_action() /Users/hiroki/Local Sites/nagisagas/app/public/wp-includes/plugin.php:478
[04-Nov-2020 02:29:13 UTC] PHP   5. WP_Hook->apply_filters() /Users/hiroki/Local Sites/nagisagas/app/public/wp-includes/class-wp-hook.php:311
[04-Nov-2020 02:29:28 UTC] PHP Warning:  call_user_func_array() expects parameter 1 to be a valid callback, function 'limit_category_select1' not found or invalid function name in /Users/hiroki/Local Sites/nagisagas/app/public/wp-includes/class-wp-hook.php on line 287
[04-Nov-2020 02:29:28 UTC] PHP Stack trace:
[04-Nov-2020 02:29:28 UTC] PHP   1. {main}() /Users/hiroki/Local Sites/nagisagas/app/public/wp-admin/themes.php:0
[04-Nov-2020 02:29:28 UTC] PHP   2. require_once() /Users/hiroki/Local Sites/nagisagas/app/public/wp-admin/themes.php:1139
[04-Nov-2020 02:29:28 UTC] PHP   3. do_action() /Users/hiroki/Local Sites/nagisagas/app/public/wp-admin/admin-footer.php:95
[04-Nov-2020 02:29:28 UTC] PHP   4. WP_Hook->do_action() /Users/hiroki/Local Sites/nagisagas/app/public/wp-includes/plugin.php:478
[04-Nov-2020 02:29:28 UTC] PHP   5. WP_Hook->apply_filters() /Users/hiroki/Local Sites/nagisagas/app/public/wp-includes/class-wp-hook.php:311
[04-Nov-2020 02:29:29 UTC] PHP Warning:  call_user_func_array() expects parameter 1 to be a valid callback, function 'limit_category_select1' not found or invalid function name in /Users/hiroki/Local Sites/nagisagas/app/public/wp-includes/class-wp-hook.php on line 287
[04-Nov-2020 02:29:29 UTC] PHP Stack trace:
[04-Nov-2020 02:29:29 UTC] PHP   1. {main}() /Users/hiroki/Local Sites/nagisagas/app/public/wp-admin/themes.php:0
[04-Nov-2020 02:29:29 UTC] PHP   2. require_once() /Users/hiroki/Local Sites/nagisagas/app/public/wp-admin/themes.php:1139
[04-Nov-2020 02:29:29 UTC] PHP   3. do_action() /Users/hiroki/Local Sites/nagisagas/app/public/wp-admin/admin-footer.php:95
[04-Nov-2020 02:29:29 UTC] PHP   4. WP_Hook->do_action() /Users/hiroki/Local Sites/nagisagas/app/public/wp-includes/plugin.php:478
[04-Nov-2020 02:29:29 UTC] PHP   5. WP_Hook->apply_filters() /Users/hiroki/Local Sites/nagisagas/app/public/wp-includes/class-wp-hook.php:311
[04-Nov-2020 02:29:30 UTC] PHP Warning:  call_user_func_array() expects parameter 1 to be a valid callback, function 'limit_category_select1' not found or invalid function name in /Users/hiroki/Local Sites/nagisagas/app/public/wp-includes/class-wp-hook.php on line 287
[04-Nov-2020 02:29:30 UTC] PHP Stack trace:
[04-Nov-2020 02:29:30 UTC] PHP   1. {main}() /Users/hiroki/Local Sites/nagisagas/app/public/wp-admin/customize.php:0
[04-Nov-2020 02:29:30 UTC] PHP   2. do_action() /Users/hiroki/Local Sites/nagisagas/app/public/wp-admin/customize.php:281
[04-Nov-2020 02:29:30 UTC] PHP   3. WP_Hook->do_action() /Users/hiroki/Local Sites/nagisagas/app/public/wp-includes/plugin.php:478
[04-Nov-2020 02:29:30 UTC] PHP   4. WP_Hook->apply_filters() /Users/hiroki/Local Sites/nagisagas/app/public/wp-includes/class-wp-hook.php:311
[04-Nov-2020 02:29:30 UTC] PHP   5. WP_Customize_Widgets->print_footer_scripts() /Users/hiroki/Local Sites/nagisagas/app/public/wp-includes/class-wp-hook.php:287
[04-Nov-2020 02:29:30 UTC] PHP   6. do_action() /Users/hiroki/Local Sites/nagisagas/app/public/wp-includes/class-wp-customize-widgets.php:864
[04-Nov-2020 02:29:30 UTC] PHP   7. WP_Hook->do_action() /Users/hiroki/Local Sites/nagisagas/app/public/wp-includes/plugin.php:478
[04-Nov-2020 02:29:30 UTC] PHP   8. WP_Hook->apply_filters() /Users/hiroki/Local Sites/nagisagas/app/public/wp-includes/class-wp-hook.php:311
[04-Nov-2020 02:29:32 UTC] PHP Warning:  call_user_func_array() expects parameter 1 to be a valid callback, function 'limit_category_select1' not found or invalid function name in /Users/hiroki/Local Sites/nagisagas/app/public/wp-includes/class-wp-hook.php on line 287
[04-Nov-2020 02:29:32 UTC] PHP Stack trace:
[04-Nov-2020 02:29:32 UTC] PHP   1. {main}() /Users/hiroki/Local Sites/nagisagas/app/public/wp-admin/themes.php:0
[04-Nov-2020 02:29:32 UTC] PHP   2. require_once() /Users/hiroki/Local Sites/nagisagas/app/public/wp-admin/themes.php:1139
[04-Nov-2020 02:29:32 UTC] PHP   3. do_action() /Users/hiroki/Local Sites/nagisagas/app/public/wp-admin/admin-footer.php:95
[04-Nov-2020 02:29:32 UTC] PHP   4. WP_Hook->do_action() /Users/hiroki/Local Sites/nagisagas/app/public/wp-includes/plugin.php:478
[04-Nov-2020 02:29:32 UTC] PHP   5. WP_Hook->apply_filters() /Users/hiroki/Local Sites/nagisagas/app/public/wp-includes/class-wp-hook.php:311
[04-Nov-2020 02:33:46 UTC] PHP Warning:  call_user_func_array() expects parameter 1 to be a valid callback, function 'limit_category_select1' not found or invalid function name in /Users/hiroki/Local Sites/nagisagas/app/public/wp-includes/class-wp-hook.php on line 287
[04-Nov-2020 02:33:46 UTC] PHP Stack trace:
[04-Nov-2020 02:33:46 UTC] PHP   1. {main}() /Users/hiroki/Local Sites/nagisagas/app/public/wp-admin/themes.php:0
[04-Nov-2020 02:33:46 UTC] PHP   2. require_once() /Users/hiroki/Local Sites/nagisagas/app/public/wp-admin/themes.php:1139
[04-Nov-2020 02:33:46 UTC] PHP   3. do_action() /Users/hiroki/Local Sites/nagisagas/app/public/wp-admin/admin-footer.php:95
[04-Nov-2020 02:33:46 UTC] PHP   4. WP_Hook->do_action() /Users/hiroki/Local Sites/nagisagas/app/public/wp-includes/plugin.php:478
[04-Nov-2020 02:33:46 UTC] PHP   5. WP_Hook->apply_filters() /Users/hiroki/Local Sites/nagisagas/app/public/wp-includes/class-wp-hook.php:311
[04-Nov-2020 02:51:41 UTC] PHP Warning:  call_user_func_array() expects parameter 1 to be a valid callback, function 'limit_category_select1' not found or invalid function name in /Users/hiroki/Local Sites/nagisagas/app/public/wp-includes/class-wp-hook.php on line 287
[04-Nov-2020 02:51:41 UTC] PHP Stack trace:
[04-Nov-2020 02:51:41 UTC] PHP   1. {main}() /Users/hiroki/Local Sites/nagisagas/app/public/wp-admin/index.php:0
[04-Nov-2020 02:51:41 UTC] PHP   2. require_once() /Users/hiroki/Local Sites/nagisagas/app/public/wp-admin/index.php:185
[04-Nov-2020 02:51:41 UTC] PHP   3. do_action() /Users/hiroki/Local Sites/nagisagas/app/public/wp-admin/admin-footer.php:95
[04-Nov-2020 02:51:41 UTC] PHP   4. WP_Hook->do_action() /Users/hiroki/Local Sites/nagisagas/app/public/wp-includes/plugin.php:478
[04-Nov-2020 02:51:41 UTC] PHP   5. WP_Hook->apply_filters() /Users/hiroki/Local Sites/nagisagas/app/public/wp-includes/class-wp-hook.php:311
[04-Nov-2020 02:51:52 UTC] PHP Warning:  call_user_func_array() expects parameter 1 to be a valid callback, function 'limit_category_select1' not found or invalid function name in /Users/hiroki/Local Sites/nagisagas/app/public/wp-includes/class-wp-hook.php on line 287
[04-Nov-2020 02:51:52 UTC] PHP Stack trace:
[04-Nov-2020 02:51:52 UTC] PHP   1. {main}() /Users/hiroki/Local Sites/nagisagas/app/public/wp-admin/edit.php:0
[04-Nov-2020 02:51:52 UTC] PHP   2. require_once() /Users/hiroki/Local Sites/nagisagas/app/public/wp-admin/edit.php:464
[04-Nov-2020 02:51:52 UTC] PHP   3. do_action() /Users/hiroki/Local Sites/nagisagas/app/public/wp-admin/admin-footer.php:95
[04-Nov-2020 02:51:52 UTC] PHP   4. WP_Hook->do_action() /Users/hiroki/Local Sites/nagisagas/app/public/wp-includes/plugin.php:478
[04-Nov-2020 02:51:52 UTC] PHP   5. WP_Hook->apply_filters() /Users/hiroki/Local Sites/nagisagas/app/public/wp-includes/class-wp-hook.php:311
[04-Nov-2020 02:51:55 UTC] PHP Warning:  call_user_func_array() expects parameter 1 to be a valid callback, function 'limit_category_select1' not found or invalid function name in /Users/hiroki/Local Sites/nagisagas/app/public/wp-includes/class-wp-hook.php on line 287
[04-Nov-2020 02:51:55 UTC] PHP Stack trace:
[04-Nov-2020 02:51:55 UTC] PHP   1. {main}() /Users/hiroki/Local Sites/nagisagas/app/public/wp-admin/edit.php:0
[04-Nov-2020 02:51:55 UTC] PHP   2. require_once() /Users/hiroki/Local Sites/nagisagas/app/public/wp-admin/edit.php:464
[04-Nov-2020 02:51:55 UTC] PHP   3. do_action() /Users/hiroki/Local Sites/nagisagas/app/public/wp-admin/admin-footer.php:95
[04-Nov-2020 02:51:55 UTC] PHP   4. WP_Hook->do_action() /Users/hiroki/Local Sites/nagisagas/app/public/wp-includes/plugin.php:478
[04-Nov-2020 02:51:55 UTC] PHP   5. WP_Hook->apply_filters() /Users/hiroki/Local Sites/nagisagas/app/public/wp-includes/class-wp-hook.php:311
[04-Nov-2020 02:51:58 UTC] PHP Warning:  call_user_func_array() expects parameter 1 to be a valid callback, function 'limit_category_select1' not found or invalid function name in /Users/hiroki/Local Sites/nagisagas/app/public/wp-includes/class-wp-hook.php on line 287
[04-Nov-2020 02:51:58 UTC] PHP Stack trace:
[04-Nov-2020 02:51:58 UTC] PHP   1. {main}() /Users/hiroki/Local Sites/nagisagas/app/public/wp-admin/edit.php:0
[04-Nov-2020 02:51:58 UTC] PHP   2. require_once() /Users/hiroki/Local Sites/nagisagas/app/public/wp-admin/edit.php:464
[04-Nov-2020 02:51:58 UTC] PHP   3. do_action() /Users/hiroki/Local Sites/nagisagas/app/public/wp-admin/admin-footer.php:95
[04-Nov-2020 02:51:58 UTC] PHP   4. WP_Hook->do_action() /Users/hiroki/Local Sites/nagisagas/app/public/wp-includes/plugin.php:478
[04-Nov-2020 02:51:58 UTC] PHP   5. WP_Hook->apply_filters() /Users/hiroki/Local Sites/nagisagas/app/public/wp-includes/class-wp-hook.php:311
[04-Nov-2020 02:52:05 UTC] PHP Warning:  call_user_func_array() expects parameter 1 to be a valid callback, function 'limit_category_select1' not found or invalid function name in /Users/hiroki/Local Sites/nagisagas/app/public/wp-includes/class-wp-hook.php on line 287
[04-Nov-2020 02:52:05 UTC] PHP Stack trace:
[04-Nov-2020 02:52:05 UTC] PHP   1. {main}() /Users/hiroki/Local Sites/nagisagas/app/public/wp-admin/edit.php:0
[04-Nov-2020 02:52:05 UTC] PHP   2. require_once() /Users/hiroki/Local Sites/nagisagas/app/public/wp-admin/edit.php:464
[04-Nov-2020 02:52:05 UTC] PHP   3. do_action() /Users/hiroki/Local Sites/nagisagas/app/public/wp-admin/admin-footer.php:95
[04-Nov-2020 02:52:05 UTC] PHP   4. WP_Hook->do_action() /Users/hiroki/Local Sites/nagisagas/app/public/wp-includes/plugin.php:478
[04-Nov-2020 02:52:05 UTC] PHP   5. WP_Hook->apply_filters() /Users/hiroki/Local Sites/nagisagas/app/public/wp-includes/class-wp-hook.php:311
[04-Nov-2020 02:52:19 UTC] PHP Warning:  call_user_func_array() expects parameter 1 to be a valid callback, function 'limit_category_select1' not found or invalid function name in /Users/hiroki/Local Sites/nagisagas/app/public/wp-includes/class-wp-hook.php on line 287
[04-Nov-2020 02:52:19 UTC] PHP Stack trace:
[04-Nov-2020 02:52:19 UTC] PHP   1. {main}() /Users/hiroki/Local Sites/nagisagas/app/public/wp-admin/upload.php:0
[04-Nov-2020 02:52:19 UTC] PHP   2. require_once() /Users/hiroki/Local Sites/nagisagas/app/public/wp-admin/upload.php:110
[04-Nov-2020 02:52:19 UTC] PHP   3. do_action() /Users/hiroki/Local Sites/nagisagas/app/public/wp-admin/admin-footer.php:95
[04-Nov-2020 02:52:19 UTC] PHP   4. WP_Hook->do_action() /Users/hiroki/Local Sites/nagisagas/app/public/wp-includes/plugin.php:478
[04-Nov-2020 02:52:19 UTC] PHP   5. WP_Hook->apply_filters() /Users/hiroki/Local Sites/nagisagas/app/public/wp-includes/class-wp-hook.php:311
[04-Nov-2020 05:25:54 UTC] PHP Warning:  call_user_func_array() expects parameter 1 to be a valid callback, function 'limit_category_select1' not found or invalid function name in /Users/hiroki/Local Sites/nagisagas/app/public/wp-includes/class-wp-hook.php on line 287
[04-Nov-2020 05:25:54 UTC] PHP Stack trace:
[04-Nov-2020 05:25:54 UTC] PHP   1. {main}() /Users/hiroki/Local Sites/nagisagas/app/public/wp-admin/edit.php:0
[04-Nov-2020 05:25:54 UTC] PHP   2. require_once() /Users/hiroki/Local Sites/nagisagas/app/public/wp-admin/edit.php:464
[04-Nov-2020 05:25:54 UTC] PHP   3. do_action() /Users/hiroki/Local Sites/nagisagas/app/public/wp-admin/admin-footer.php:95
[04-Nov-2020 05:25:54 UTC] PHP   4. WP_Hook->do_action() /Users/hiroki/Local Sites/nagisagas/app/public/wp-includes/plugin.php:478
[04-Nov-2020 05:25:54 UTC] PHP   5. WP_Hook->apply_filters() /Users/hiroki/Local Sites/nagisagas/app/public/wp-includes/class-wp-hook.php:311
[04-Nov-2020 05:26:07 UTC] PHP Fatal error:  Uncaught Error: Call to undefined function the_field() in /Users/hiroki/Local Sites/nagisagas/app/public/wp-content/themes/nagisa-gas_code/page.php:13
Stack trace:
#0 /Users/hiroki/Local Sites/nagisagas/app/public/wp-includes/template-loader.php(106): include()
#1 /Users/hiroki/Local Sites/nagisagas/app/public/wp-blog-header.php(19): require_once('/Users/hiroki/L...')
#2 /Users/hiroki/Local Sites/nagisagas/app/public/index.php(17): require('/Users/hiroki/L...')
#3 {main}
  thrown in /Users/hiroki/Local Sites/nagisagas/app/public/wp-content/themes/nagisa-gas_code/page.php on line 13
[04-Nov-2020 05:26:31 UTC] PHP Warning:  call_user_func_array() expects parameter 1 to be a valid callback, function 'limit_category_select1' not found or invalid function name in /Users/hiroki/Local Sites/nagisagas/app/public/wp-includes/class-wp-hook.php on line 287
[04-Nov-2020 05:26:31 UTC] PHP Stack trace:
[04-Nov-2020 05:26:31 UTC] PHP   1. {main}() /Users/hiroki/Local Sites/nagisagas/app/public/wp-admin/upload.php:0
[04-Nov-2020 05:26:31 UTC] PHP   2. require_once() /Users/hiroki/Local Sites/nagisagas/app/public/wp-admin/upload.php:110
[04-Nov-2020 05:26:31 UTC] PHP   3. do_action() /Users/hiroki/Local Sites/nagisagas/app/public/wp-admin/admin-footer.php:95
[04-Nov-2020 05:26:31 UTC] PHP   4. WP_Hook->do_action() /Users/hiroki/Local Sites/nagisagas/app/public/wp-includes/plugin.php:478
[04-Nov-2020 05:26:31 UTC] PHP   5. WP_Hook->apply_filters() /Users/hiroki/Local Sites/nagisagas/app/public/wp-includes/class-wp-hook.php:311
[04-Nov-2020 05:26:39 UTC] PHP Warning:  call_user_func_array() expects parameter 1 to be a valid callback, function 'limit_category_select1' not found or invalid function name in /Users/hiroki/Local Sites/nagisagas/app/public/wp-includes/class-wp-hook.php on line 287
[04-Nov-2020 05:26:39 UTC] PHP Stack trace:
[04-Nov-2020 05:26:39 UTC] PHP   1. {main}() /Users/hiroki/Local Sites/nagisagas/app/public/wp-admin/edit.php:0
[04-Nov-2020 05:26:39 UTC] PHP   2. require_once() /Users/hiroki/Local Sites/nagisagas/app/public/wp-admin/edit.php:464
[04-Nov-2020 05:26:39 UTC] PHP   3. do_action() /Users/hiroki/Local Sites/nagisagas/app/public/wp-admin/admin-footer.php:95
[04-Nov-2020 05:26:39 UTC] PHP   4. WP_Hook->do_action() /Users/hiroki/Local Sites/nagisagas/app/public/wp-includes/plugin.php:478
[04-Nov-2020 05:26:39 UTC] PHP   5. WP_Hook->apply_filters() /Users/hiroki/Local Sites/nagisagas/app/public/wp-includes/class-wp-hook.php:311
[04-Nov-2020 08:02:37 UTC] PHP Warning:  call_user_func_array() expects parameter 1 to be a valid callback, function 'limit_category_select1' not found or invalid function name in /Users/hiroki/Local Sites/nagisagas/app/public/wp-includes/class-wp-hook.php on line 287
[04-Nov-2020 08:02:37 UTC] PHP Stack trace:
[04-Nov-2020 08:02:37 UTC] PHP   1. {main}() /Users/hiroki/Local Sites/nagisagas/app/public/wp-admin/index.php:0
[04-Nov-2020 08:02:37 UTC] PHP   2. require_once() /Users/hiroki/Local Sites/nagisagas/app/public/wp-admin/index.php:185
[04-Nov-2020 08:02:37 UTC] PHP   3. do_action() /Users/hiroki/Local Sites/nagisagas/app/public/wp-admin/admin-footer.php:95
[04-Nov-2020 08:02:37 UTC] PHP   4. WP_Hook->do_action() /Users/hiroki/Local Sites/nagisagas/app/public/wp-includes/plugin.php:478
[04-Nov-2020 08:02:37 UTC] PHP   5. WP_Hook->apply_filters() /Users/hiroki/Local Sites/nagisagas/app/public/wp-includes/class-wp-hook.php:311
[04-Nov-2020 08:02:47 UTC] PHP Warning:  call_user_func_array() expects parameter 1 to be a valid callback, function 'limit_category_select1' not found or invalid function name in /Users/hiroki/Local Sites/nagisagas/app/public/wp-includes/class-wp-hook.php on line 287
[04-Nov-2020 08:02:47 UTC] PHP Stack trace:
[04-Nov-2020 08:02:47 UTC] PHP   1. {main}() /Users/hiroki/Local Sites/nagisagas/app/public/wp-admin/themes.php:0
[04-Nov-2020 08:02:47 UTC] PHP   2. require_once() /Users/hiroki/Local Sites/nagisagas/app/public/wp-admin/themes.php:1139
[04-Nov-2020 08:02:47 UTC] PHP   3. do_action() /Users/hiroki/Local Sites/nagisagas/app/public/wp-admin/admin-footer.php:95
[04-Nov-2020 08:02:47 UTC] PHP   4. WP_Hook->do_action() /Users/hiroki/Local Sites/nagisagas/app/public/wp-includes/plugin.php:478
[04-Nov-2020 08:02:47 UTC] PHP   5. WP_Hook->apply_filters() /Users/hiroki/Local Sites/nagisagas/app/public/wp-includes/class-wp-hook.php:311
[04-Nov-2020 08:03:23 UTC] PHP Warning:  call_user_func_array() expects parameter 1 to be a valid callback, function 'limit_category_select1' not found or invalid function name in /Users/hiroki/Local Sites/nagisagas/app/public/wp-includes/class-wp-hook.php on line 287
[04-Nov-2020 08:03:23 UTC] PHP Stack trace:
[04-Nov-2020 08:03:23 UTC] PHP   1. {main}() /Users/hiroki/Local Sites/nagisagas/app/public/wp-admin/themes.php:0
[04-Nov-2020 08:03:23 UTC] PHP   2. require_once() /Users/hiroki/Local Sites/nagisagas/app/public/wp-admin/themes.php:1139
[04-Nov-2020 08:03:23 UTC] PHP   3. do_action() /Users/hiroki/Local Sites/nagisagas/app/public/wp-admin/admin-footer.php:95
[04-Nov-2020 08:03:23 UTC] PHP   4. WP_Hook->do_action() /Users/hiroki/Local Sites/nagisagas/app/public/wp-includes/plugin.php:478
[04-Nov-2020 08:03:23 UTC] PHP   5. WP_Hook->apply_filters() /Users/hiroki/Local Sites/nagisagas/app/public/wp-includes/class-wp-hook.php:311
[04-Nov-2020 08:03:58 UTC] PHP Warning:  call_user_func_array() expects parameter 1 to be a valid callback, function 'limit_category_select1' not found or invalid function name in /Users/hiroki/Local Sites/nagisagas/app/public/wp-includes/class-wp-hook.php on line 287
[04-Nov-2020 08:03:58 UTC] PHP Stack trace:
[04-Nov-2020 08:03:58 UTC] PHP   1. {main}() /Users/hiroki/Local Sites/nagisagas/app/public/wp-admin/edit.php:0
[04-Nov-2020 08:03:58 UTC] PHP   2. require_once() /Users/hiroki/Local Sites/nagisagas/app/public/wp-admin/edit.php:464
[04-Nov-2020 08:03:58 UTC] PHP   3. do_action() /Users/hiroki/Local Sites/nagisagas/app/public/wp-admin/admin-footer.php:95
[04-Nov-2020 08:03:58 UTC] PHP   4. WP_Hook->do_action() /Users/hiroki/Local Sites/nagisagas/app/public/wp-includes/plugin.php:478
[04-Nov-2020 08:03:58 UTC] PHP   5. WP_Hook->apply_filters() /Users/hiroki/Local Sites/nagisagas/app/public/wp-includes/class-wp-hook.php:311
[05-Nov-2020 01:58:45 UTC] PHP Warning:  call_user_func_array() expects parameter 1 to be a valid callback, function 'limit_category_select1' not found or invalid function name in /Users/hiroki/Local Sites/nagisagas/app/public/wp-includes/class-wp-hook.php on line 287
[05-Nov-2020 01:58:45 UTC] PHP Stack trace:
[05-Nov-2020 01:58:45 UTC] PHP   1. {main}() /Users/hiroki/Local Sites/nagisagas/app/public/wp-admin/profile.php:0
[05-Nov-2020 01:58:45 UTC] PHP   2. require_once() /Users/hiroki/Local Sites/nagisagas/app/public/wp-admin/profile.php:18
[05-Nov-2020 01:58:45 UTC] PHP   3. require_once() /Users/hiroki/Local Sites/nagisagas/app/public/wp-admin/user-edit.php:791
[05-Nov-2020 01:58:45 UTC] PHP   4. do_action() /Users/hiroki/Local Sites/nagisagas/app/public/wp-admin/admin-footer.php:95
[05-Nov-2020 01:58:45 UTC] PHP   5. WP_Hook->do_action() /Users/hiroki/Local Sites/nagisagas/app/public/wp-includes/plugin.php:478
[05-Nov-2020 01:58:45 UTC] PHP   6. WP_Hook->apply_filters() /Users/hiroki/Local Sites/nagisagas/app/public/wp-includes/class-wp-hook.php:311
[05-Nov-2020 01:59:29 UTC] PHP Warning:  call_user_func_array() expects parameter 1 to be a valid callback, function 'limit_category_select1' not found or invalid function name in /Users/hiroki/Local Sites/nagisagas/app/public/wp-includes/class-wp-hook.php on line 287
[05-Nov-2020 01:59:29 UTC] PHP Stack trace:
[05-Nov-2020 01:59:29 UTC] PHP   1. {main}() /Users/hiroki/Local Sites/nagisagas/app/public/wp-admin/profile.php:0
[05-Nov-2020 01:59:29 UTC] PHP   2. require_once() /Users/hiroki/Local Sites/nagisagas/app/public/wp-admin/profile.php:18
[05-Nov-2020 01:59:29 UTC] PHP   3. require_once() /Users/hiroki/Local Sites/nagisagas/app/public/wp-admin/user-edit.php:791
[05-Nov-2020 01:59:29 UTC] PHP   4. do_action() /Users/hiroki/Local Sites/nagisagas/app/public/wp-admin/admin-footer.php:95
[05-Nov-2020 01:59:29 UTC] PHP   5. WP_Hook->do_action() /Users/hiroki/Local Sites/nagisagas/app/public/wp-includes/plugin.php:478
[05-Nov-2020 01:59:29 UTC] PHP   6. WP_Hook->apply_filters() /Users/hiroki/Local Sites/nagisagas/app/public/wp-includes/class-wp-hook.php:311
[05-Nov-2020 09:56:48 UTC] PHP Warning:  call_user_func_array() expects parameter 1 to be a valid callback, function 'limit_category_select1' not found or invalid function name in /Users/hiroki/Local Sites/nagisagas/app/public/wp-includes/class-wp-hook.php on line 287
[05-Nov-2020 09:56:48 UTC] PHP Stack trace:
[05-Nov-2020 09:56:48 UTC] PHP   1. {main}() /Users/hiroki/Local Sites/nagisagas/app/public/wp-admin/edit.php:0
[05-Nov-2020 09:56:48 UTC] PHP   2. require_once() /Users/hiroki/Local Sites/nagisagas/app/public/wp-admin/edit.php:464
[05-Nov-2020 09:56:48 UTC] PHP   3. do_action() /Users/hiroki/Local Sites/nagisagas/app/public/wp-admin/admin-footer.php:95
[05-Nov-2020 09:56:48 UTC] PHP   4. WP_Hook->do_action() /Users/hiroki/Local Sites/nagisagas/app/public/wp-includes/plugin.php:478
[05-Nov-2020 09:56:48 UTC] PHP   5. WP_Hook->apply_filters() /Users/hiroki/Local Sites/nagisagas/app/public/wp-includes/class-wp-hook.php:311
[05-Nov-2020 09:56:56 UTC] PHP Warning:  call_user_func_array() expects parameter 1 to be a valid callback, function 'limit_category_select1' not found or invalid function name in /Users/hiroki/Local Sites/nagisagas/app/public/wp-includes/class-wp-hook.php on line 287
[05-Nov-2020 09:56:56 UTC] PHP Stack trace:
[05-Nov-2020 09:56:56 UTC] PHP   1. {main}() /Users/hiroki/Local Sites/nagisagas/app/public/wp-admin/post.php:0
[05-Nov-2020 09:56:56 UTC] PHP   2. require_once() /Users/hiroki/Local Sites/nagisagas/app/public/wp-admin/post.php:362
[05-Nov-2020 09:56:56 UTC] PHP   3. do_action() /Users/hiroki/Local Sites/nagisagas/app/public/wp-admin/admin-footer.php:95
[05-Nov-2020 09:56:56 UTC] PHP   4. WP_Hook->do_action() /Users/hiroki/Local Sites/nagisagas/app/public/wp-includes/plugin.php:478
[05-Nov-2020 09:56:56 UTC] PHP   5. WP_Hook->apply_filters() /Users/hiroki/Local Sites/nagisagas/app/public/wp-includes/class-wp-hook.php:311
[05-Nov-2020 09:57:14 UTC] PHP Warning:  call_user_func_array() expects parameter 1 to be a valid callback, function 'limit_category_select1' not found or invalid function name in /Users/hiroki/Local Sites/nagisagas/app/public/wp-includes/class-wp-hook.php on line 287
[05-Nov-2020 09:57:14 UTC] PHP Stack trace:
[05-Nov-2020 09:57:14 UTC] PHP   1. {main}() /Users/hiroki/Local Sites/nagisagas/app/public/wp-admin/edit.php:0
[05-Nov-2020 09:57:14 UTC] PHP   2. require_once() /Users/hiroki/Local Sites/nagisagas/app/public/wp-admin/edit.php:464
[05-Nov-2020 09:57:14 UTC] PHP   3. do_action() /Users/hiroki/Local Sites/nagisagas/app/public/wp-admin/admin-footer.php:95
[05-Nov-2020 09:57:14 UTC] PHP   4. WP_Hook->do_action() /Users/hiroki/Local Sites/nagisagas/app/public/wp-includes/plugin.php:478
[05-Nov-2020 09:57:14 UTC] PHP   5. WP_Hook->apply_filters() /Users/hiroki/Local Sites/nagisagas/app/public/wp-includes/class-wp-hook.php:311
[05-Nov-2020 09:57:16 UTC] PHP Warning:  call_user_func_array() expects parameter 1 to be a valid callback, function 'limit_category_select1' not found or invalid function name in /Users/hiroki/Local Sites/nagisagas/app/public/wp-includes/class-wp-hook.php on line 287
[05-Nov-2020 09:57:16 UTC] PHP Stack trace:
[05-Nov-2020 09:57:16 UTC] PHP   1. {main}() /Users/hiroki/Local Sites/nagisagas/app/public/wp-admin/edit.php:0
[05-Nov-2020 09:57:16 UTC] PHP   2. require_once() /Users/hiroki/Local Sites/nagisagas/app/public/wp-admin/edit.php:464
[05-Nov-2020 09:57:16 UTC] PHP   3. do_action() /Users/hiroki/Local Sites/nagisagas/app/public/wp-admin/admin-footer.php:95
[05-Nov-2020 09:57:16 UTC] PHP   4. WP_Hook->do_action() /Users/hiroki/Local Sites/nagisagas/app/public/wp-includes/plugin.php:478
[05-Nov-2020 09:57:16 UTC] PHP   5. WP_Hook->apply_filters() /Users/hiroki/Local Sites/nagisagas/app/public/wp-includes/class-wp-hook.php:311
[05-Nov-2020 09:57:18 UTC] PHP Warning:  call_user_func_array() expects parameter 1 to be a valid callback, function 'limit_category_select1' not found or invalid function name in /Users/hiroki/Local Sites/nagisagas/app/public/wp-includes/class-wp-hook.php on line 287
[05-Nov-2020 09:57:18 UTC] PHP Stack trace:
[05-Nov-2020 09:57:18 UTC] PHP   1. {main}() /Users/hiroki/Local Sites/nagisagas/app/public/wp-admin/edit-tags.php:0
[05-Nov-2020 09:57:18 UTC] PHP   2. require_once() /Users/hiroki/Local Sites/nagisagas/app/public/wp-admin/edit-tags.php:661
[05-Nov-2020 09:57:18 UTC] PHP   3. do_action() /Users/hiroki/Local Sites/nagisagas/app/public/wp-admin/admin-footer.php:95
[05-Nov-2020 09:57:18 UTC] PHP   4. WP_Hook->do_action() /Users/hiroki/Local Sites/nagisagas/app/public/wp-includes/plugin.php:478
[05-Nov-2020 09:57:18 UTC] PHP   5. WP_Hook->apply_filters() /Users/hiroki/Local Sites/nagisagas/app/public/wp-includes/class-wp-hook.php:311
[05-Nov-2020 09:57:19 UTC] PHP Warning:  call_user_func_array() expects parameter 1 to be a valid callback, function 'limit_category_select1' not found or invalid function name in /Users/hiroki/Local Sites/nagisagas/app/public/wp-includes/class-wp-hook.php on line 287
[05-Nov-2020 09:57:19 UTC] PHP Stack trace:
[05-Nov-2020 09:57:19 UTC] PHP   1. {main}() /Users/hiroki/Local Sites/nagisagas/app/public/wp-admin/edit.php:0
[05-Nov-2020 09:57:19 UTC] PHP   2. require_once() /Users/hiroki/Local Sites/nagisagas/app/public/wp-admin/edit.php:464
[05-Nov-2020 09:57:19 UTC] PHP   3. do_action() /Users/hiroki/Local Sites/nagisagas/app/public/wp-admin/admin-footer.php:95
[05-Nov-2020 09:57:19 UTC] PHP   4. WP_Hook->do_action() /Users/hiroki/Local Sites/nagisagas/app/public/wp-includes/plugin.php:478
[05-Nov-2020 09:57:19 UTC] PHP   5. WP_Hook->apply_filters() /Users/hiroki/Local Sites/nagisagas/app/public/wp-includes/class-wp-hook.php:311
[05-Nov-2020 09:58:06 UTC] PHP Warning:  call_user_func_array() expects parameter 1 to be a valid callback, function 'limit_category_select1' not found or invalid function name in /Users/hiroki/Local Sites/nagisagas/app/public/wp-includes/class-wp-hook.php on line 287
[05-Nov-2020 09:58:06 UTC] PHP Stack trace:
[05-Nov-2020 09:58:06 UTC] PHP   1. {main}() /Users/hiroki/Local Sites/nagisagas/app/public/wp-admin/edit.php:0
[05-Nov-2020 09:58:06 UTC] PHP   2. require_once() /Users/hiroki/Local Sites/nagisagas/app/public/wp-admin/edit.php:464
[05-Nov-2020 09:58:06 UTC] PHP   3. do_action() /Users/hiroki/Local Sites/nagisagas/app/public/wp-admin/admin-footer.php:95
[05-Nov-2020 09:58:06 UTC] PHP   4. WP_Hook->do_action() /Users/hiroki/Local Sites/nagisagas/app/public/wp-includes/plugin.php:478
[05-Nov-2020 09:58:06 UTC] PHP   5. WP_Hook->apply_filters() /Users/hiroki/Local Sites/nagisagas/app/public/wp-includes/class-wp-hook.php:311
[05-Nov-2020 09:58:07 UTC] PHP Warning:  call_user_func_array() expects parameter 1 to be a valid callback, function 'limit_category_select1' not found or invalid function name in /Users/hiroki/Local Sites/nagisagas/app/public/wp-includes/class-wp-hook.php on line 287
[05-Nov-2020 09:58:07 UTC] PHP Stack trace:
[05-Nov-2020 09:58:07 UTC] PHP   1. {main}() /Users/hiroki/Local Sites/nagisagas/app/public/wp-admin/edit.php:0
[05-Nov-2020 09:58:07 UTC] PHP   2. require_once() /Users/hiroki/Local Sites/nagisagas/app/public/wp-admin/edit.php:464
[05-Nov-2020 09:58:07 UTC] PHP   3. do_action() /Users/hiroki/Local Sites/nagisagas/app/public/wp-admin/admin-footer.php:95
[05-Nov-2020 09:58:07 UTC] PHP   4. WP_Hook->do_action() /Users/hiroki/Local Sites/nagisagas/app/public/wp-includes/plugin.php:478
[05-Nov-2020 09:58:07 UTC] PHP   5. WP_Hook->apply_filters() /Users/hiroki/Local Sites/nagisagas/app/public/wp-includes/class-wp-hook.php:311
[05-Nov-2020 09:58:08 UTC] PHP Warning:  call_user_func_array() expects parameter 1 to be a valid callback, function 'limit_category_select1' not found or invalid function name in /Users/hiroki/Local Sites/nagisagas/app/public/wp-includes/class-wp-hook.php on line 287
[05-Nov-2020 09:58:08 UTC] PHP Stack trace:
[05-Nov-2020 09:58:08 UTC] PHP   1. {main}() /Users/hiroki/Local Sites/nagisagas/app/public/wp-admin/upload.php:0
[05-Nov-2020 09:58:08 UTC] PHP   2. require_once() /Users/hiroki/Local Sites/nagisagas/app/public/wp-admin/upload.php:110
[05-Nov-2020 09:58:08 UTC] PHP   3. do_action() /Users/hiroki/Local Sites/nagisagas/app/public/wp-admin/admin-footer.php:95
[05-Nov-2020 09:58:08 UTC] PHP   4. WP_Hook->do_action() /Users/hiroki/Local Sites/nagisagas/app/public/wp-includes/plugin.php:478
[05-Nov-2020 09:58:08 UTC] PHP   5. WP_Hook->apply_filters() /Users/hiroki/Local Sites/nagisagas/app/public/wp-includes/class-wp-hook.php:311
[05-Nov-2020 09:58:09 UTC] PHP Warning:  call_user_func_array() expects parameter 1 to be a valid callback, function 'limit_category_select1' not found or invalid function name in /Users/hiroki/Local Sites/nagisagas/app/public/wp-includes/class-wp-hook.php on line 287
[05-Nov-2020 09:58:09 UTC] PHP Stack trace:
[05-Nov-2020 09:58:09 UTC] PHP   1. {main}() /Users/hiroki/Local Sites/nagisagas/app/public/wp-admin/index.php:0
[05-Nov-2020 09:58:09 UTC] PHP   2. require_once() /Users/hiroki/Local Sites/nagisagas/app/public/wp-admin/index.php:185
[05-Nov-2020 09:58:09 UTC] PHP   3. do_action() /Users/hiroki/Local Sites/nagisagas/app/public/wp-admin/admin-footer.php:95
[05-Nov-2020 09:58:09 UTC] PHP   4. WP_Hook->do_action() /Users/hiroki/Local Sites/nagisagas/app/public/wp-includes/plugin.php:478
[05-Nov-2020 09:58:09 UTC] PHP   5. WP_Hook->apply_filters() /Users/hiroki/Local Sites/nagisagas/app/public/wp-includes/class-wp-hook.php:311
[06-Nov-2020 04:54:35 UTC] PHP Warning:  call_user_func_array() expects parameter 1 to be a valid callback, function 'limit_category_select1' not found or invalid function name in /Users/hiroki/Local Sites/nagisagas/app/public/wp-includes/class-wp-hook.php on line 287
[06-Nov-2020 04:54:35 UTC] PHP Stack trace:
[06-Nov-2020 04:54:35 UTC] PHP   1. {main}() /Users/hiroki/Local Sites/nagisagas/app/public/wp-admin/themes.php:0
[06-Nov-2020 04:54:35 UTC] PHP   2. require_once() /Users/hiroki/Local Sites/nagisagas/app/public/wp-admin/themes.php:1139
[06-Nov-2020 04:54:35 UTC] PHP   3. do_action() /Users/hiroki/Local Sites/nagisagas/app/public/wp-admin/admin-footer.php:95
[06-Nov-2020 04:54:35 UTC] PHP   4. WP_Hook->do_action() /Users/hiroki/Local Sites/nagisagas/app/public/wp-includes/plugin.php:478
[06-Nov-2020 04:54:35 UTC] PHP   5. WP_Hook->apply_filters() /Users/hiroki/Local Sites/nagisagas/app/public/wp-includes/class-wp-hook.php:311
[12-Nov-2020 06:07:59 UTC] PHP Warning:  call_user_func_array() expects parameter 1 to be a valid callback, function 'limit_category_select1' not found or invalid function name in /Users/hiroki/Local Sites/nagisagas/app/public/wp-includes/class-wp-hook.php on line 287
[12-Nov-2020 06:07:59 UTC] PHP Stack trace:
[12-Nov-2020 06:07:59 UTC] PHP   1. {main}() /Users/hiroki/Local Sites/nagisagas/app/public/wp-admin/index.php:0
[12-Nov-2020 06:07:59 UTC] PHP   2. require_once() /Users/hiroki/Local Sites/nagisagas/app/public/wp-admin/index.php:185
[12-Nov-2020 06:07:59 UTC] PHP   3. do_action() /Users/hiroki/Local Sites/nagisagas/app/public/wp-admin/admin-footer.php:95
[12-Nov-2020 06:07:59 UTC] PHP   4. WP_Hook->do_action() /Users/hiroki/Local Sites/nagisagas/app/public/wp-includes/plugin.php:478
[12-Nov-2020 06:07:59 UTC] PHP   5. WP_Hook->apply_filters() /Users/hiroki/Local Sites/nagisagas/app/public/wp-includes/class-wp-hook.php:311
[12-Nov-2020 06:08:18 UTC] PHP Warning:  call_user_func_array() expects parameter 1 to be a valid callback, function 'limit_category_select1' not found or invalid function name in /Users/hiroki/Local Sites/nagisagas/app/public/wp-includes/class-wp-hook.php on line 287
[12-Nov-2020 06:08:18 UTC] PHP Stack trace:
[12-Nov-2020 06:08:18 UTC] PHP   1. {main}() /Users/hiroki/Local Sites/nagisagas/app/public/wp-admin/plugins.php:0
[12-Nov-2020 06:08:18 UTC] PHP   2. require_once() /Users/hiroki/Local Sites/nagisagas/app/public/wp-admin/plugins.php:775
[12-Nov-2020 06:08:18 UTC] PHP   3. do_action() /Users/hiroki/Local Sites/nagisagas/app/public/wp-admin/admin-footer.php:95
[12-Nov-2020 06:08:18 UTC] PHP   4. WP_Hook->do_action() /Users/hiroki/Local Sites/nagisagas/app/public/wp-includes/plugin.php:478
[12-Nov-2020 06:08:18 UTC] PHP   5. WP_Hook->apply_filters() /Users/hiroki/Local Sites/nagisagas/app/public/wp-includes/class-wp-hook.php:311
[12-Nov-2020 06:08:24 UTC] PHP Warning:  call_user_func_array() expects parameter 1 to be a valid callback, function 'limit_category_select1' not found or invalid function name in /Users/hiroki/Local Sites/nagisagas/app/public/wp-includes/class-wp-hook.php on line 287
[12-Nov-2020 06:08:24 UTC] PHP Stack trace:
[12-Nov-2020 06:08:24 UTC] PHP   1. {main}() /Users/hiroki/Local Sites/nagisagas/app/public/wp-admin/plugin-install.php:0
[12-Nov-2020 06:08:24 UTC] PHP   2. require_once() /Users/hiroki/Local Sites/nagisagas/app/public/wp-admin/plugin-install.php:186
[12-Nov-2020 06:08:24 UTC] PHP   3. do_action() /Users/hiroki/Local Sites/nagisagas/app/public/wp-admin/admin-footer.php:95
[12-Nov-2020 06:08:24 UTC] PHP   4. WP_Hook->do_action() /Users/hiroki/Local Sites/nagisagas/app/public/wp-includes/plugin.php:478
[12-Nov-2020 06:08:24 UTC] PHP   5. WP_Hook->apply_filters() /Users/hiroki/Local Sites/nagisagas/app/public/wp-includes/class-wp-hook.php:311
[12-Nov-2020 06:08:55 UTC] PHP Warning:  call_user_func_array() expects parameter 1 to be a valid callback, function 'limit_category_select1' not found or invalid function name in /Users/hiroki/Local Sites/nagisagas/app/public/wp-includes/class-wp-hook.php on line 287
[12-Nov-2020 06:08:55 UTC] PHP Stack trace:
[12-Nov-2020 06:08:55 UTC] PHP   1. {main}() /Users/hiroki/Local Sites/nagisagas/app/public/wp-admin/plugins.php:0
[12-Nov-2020 06:08:55 UTC] PHP   2. require_once() /Users/hiroki/Local Sites/nagisagas/app/public/wp-admin/plugins.php:775
[12-Nov-2020 06:08:55 UTC] PHP   3. do_action() /Users/hiroki/Local Sites/nagisagas/app/public/wp-admin/admin-footer.php:95
[12-Nov-2020 06:08:55 UTC] PHP   4. WP_Hook->do_action() /Users/hiroki/Local Sites/nagisagas/app/public/wp-includes/plugin.php:478
[12-Nov-2020 06:08:55 UTC] PHP   5. WP_Hook->apply_filters() /Users/hiroki/Local Sites/nagisagas/app/public/wp-includes/class-wp-hook.php:311
[12-Nov-2020 06:09:22 UTC] PHP Warning:  call_user_func_array() expects parameter 1 to be a valid callback, function 'limit_category_select1' not found or invalid function name in /Users/hiroki/Local Sites/nagisagas/app/public/wp-includes/class-wp-hook.php on line 287
[12-Nov-2020 06:09:22 UTC] PHP Stack trace:
[12-Nov-2020 06:09:22 UTC] PHP   1. {main}() /Users/hiroki/Local Sites/nagisagas/app/public/wp-admin/plugins.php:0
[12-Nov-2020 06:09:22 UTC] PHP   2. require_once() /Users/hiroki/Local Sites/nagisagas/app/public/wp-admin/plugins.php:775
[12-Nov-2020 06:09:22 UTC] PHP   3. do_action() /Users/hiroki/Local Sites/nagisagas/app/public/wp-admin/admin-footer.php:95
[12-Nov-2020 06:09:22 UTC] PHP   4. WP_Hook->do_action() /Users/hiroki/Local Sites/nagisagas/app/public/wp-includes/plugin.php:478
[12-Nov-2020 06:09:22 UTC] PHP   5. WP_Hook->apply_filters() /Users/hiroki/Local Sites/nagisagas/app/public/wp-includes/class-wp-hook.php:311
[12-Nov-2020 06:09:24 UTC] PHP Warning:  call_user_func_array() expects parameter 1 to be a valid callback, function 'limit_category_select1' not found or invalid function name in /Users/hiroki/Local Sites/nagisagas/app/public/wp-includes/class-wp-hook.php on line 287
[12-Nov-2020 06:09:24 UTC] PHP Stack trace:
[12-Nov-2020 06:09:24 UTC] PHP   1. {main}() /Users/hiroki/Local Sites/nagisagas/app/public/wp-admin/index.php:0
[12-Nov-2020 06:09:24 UTC] PHP   2. require_once() /Users/hiroki/Local Sites/nagisagas/app/public/wp-admin/index.php:10
[12-Nov-2020 06:09:24 UTC] PHP   3. require_once() /Users/hiroki/Local Sites/nagisagas/app/public/wp-admin/admin.php:297
[12-Nov-2020 06:09:24 UTC] PHP   4. do_action() /Users/hiroki/Local Sites/nagisagas/app/public/wp-admin/admin-footer.php:95
[12-Nov-2020 06:09:24 UTC] PHP   5. WP_Hook->do_action() /Users/hiroki/Local Sites/nagisagas/app/public/wp-includes/plugin.php:478
[12-Nov-2020 06:09:24 UTC] PHP   6. WP_Hook->apply_filters() /Users/hiroki/Local Sites/nagisagas/app/public/wp-includes/class-wp-hook.php:311
[12-Nov-2020 06:10:13 UTC] PHP Warning:  call_user_func_array() expects parameter 1 to be a valid callback, function 'limit_category_select1' not found or invalid function name in /Users/hiroki/Local Sites/nagisagas/app/public/wp-includes/class-wp-hook.php on line 287
[12-Nov-2020 06:10:13 UTC] PHP Stack trace:
[12-Nov-2020 06:10:13 UTC] PHP   1. {main}() /Users/hiroki/Local Sites/nagisagas/app/public/wp-admin/admin.php:0
[12-Nov-2020 06:10:13 UTC] PHP   2. require_once() /Users/hiroki/Local Sites/nagisagas/app/public/wp-admin/admin.php:297
[12-Nov-2020 06:10:13 UTC] PHP   3. do_action() /Users/hiroki/Local Sites/nagisagas/app/public/wp-admin/admin-footer.php:95
[12-Nov-2020 06:10:13 UTC] PHP   4. WP_Hook->do_action() /Users/hiroki/Local Sites/nagisagas/app/public/wp-includes/plugin.php:478
[12-Nov-2020 06:10:13 UTC] PHP   5. WP_Hook->apply_filters() /Users/hiroki/Local Sites/nagisagas/app/public/wp-includes/class-wp-hook.php:311
[12-Nov-2020 06:19:13 UTC] PHP Warning:  call_user_func_array() expects parameter 1 to be a valid callback, function 'limit_category_select1' not found or invalid function name in /Users/hiroki/Local Sites/nagisagas/app/public/wp-includes/class-wp-hook.php on line 287
[12-Nov-2020 06:19:13 UTC] PHP Stack trace:
[12-Nov-2020 06:19:13 UTC] PHP   1. {main}() /Users/hiroki/Local Sites/nagisagas/app/public/wp-admin/admin.php:0
[12-Nov-2020 06:19:13 UTC] PHP   2. require_once() /Users/hiroki/Local Sites/nagisagas/app/public/wp-admin/admin.php:297
[12-Nov-2020 06:19:13 UTC] PHP   3. do_action() /Users/hiroki/Local Sites/nagisagas/app/public/wp-admin/admin-footer.php:95
[12-Nov-2020 06:19:13 UTC] PHP   4. WP_Hook->do_action() /Users/hiroki/Local Sites/nagisagas/app/public/wp-includes/plugin.php:478
[12-Nov-2020 06:19:13 UTC] PHP   5. WP_Hook->apply_filters() /Users/hiroki/Local Sites/nagisagas/app/public/wp-includes/class-wp-hook.php:311
[12-Nov-2020 07:18:23 UTC] PHP Warning:  call_user_func_array() expects parameter 1 to be a valid callback, function 'limit_category_select1' not found or invalid function name in /Users/hiroki/Local Sites/nagisagas/app/public/wp-includes/class-wp-hook.php on line 287
[12-Nov-2020 07:18:23 UTC] PHP Stack trace:
[12-Nov-2020 07:18:23 UTC] PHP   1. {main}() /Users/hiroki/Local Sites/nagisagas/app/public/wp-admin/admin.php:0
[12-Nov-2020 07:18:23 UTC] PHP   2. require_once() /Users/hiroki/Local Sites/nagisagas/app/public/wp-admin/admin.php:297
[12-Nov-2020 07:18:23 UTC] PHP   3. do_action() /Users/hiroki/Local Sites/nagisagas/app/public/wp-admin/admin-footer.php:95
[12-Nov-2020 07:18:23 UTC] PHP   4. WP_Hook->do_action() /Users/hiroki/Local Sites/nagisagas/app/public/wp-includes/plugin.php:478
[12-Nov-2020 07:18:23 UTC] PHP   5. WP_Hook->apply_filters() /Users/hiroki/Local Sites/nagisagas/app/public/wp-includes/class-wp-hook.php:311
[12-Nov-2020 07:34:11 UTC] PHP Warning:  call_user_func_array() expects parameter 1 to be a valid callback, function 'limit_category_select1' not found or invalid function name in /Users/hiroki/Local Sites/nagisagas/app/public/wp-includes/class-wp-hook.php on line 287
[12-Nov-2020 07:34:11 UTC] PHP Stack trace:
[12-Nov-2020 07:34:11 UTC] PHP   1. {main}() /Users/hiroki/Local Sites/nagisagas/app/public/wp-admin/plugins.php:0
[12-Nov-2020 07:34:11 UTC] PHP   2. require_once() /Users/hiroki/Local Sites/nagisagas/app/public/wp-admin/plugins.php:775
[12-Nov-2020 07:34:11 UTC] PHP   3. do_action() /Users/hiroki/Local Sites/nagisagas/app/public/wp-admin/admin-footer.php:95
[12-Nov-2020 07:34:11 UTC] PHP   4. WP_Hook->do_action() /Users/hiroki/Local Sites/nagisagas/app/public/wp-includes/plugin.php:478
[12-Nov-2020 07:34:11 UTC] PHP   5. WP_Hook->apply_filters() /Users/hiroki/Local Sites/nagisagas/app/public/wp-includes/class-wp-hook.php:311
[12-Nov-2020 07:34:14 UTC] PHP Warning:  call_user_func_array() expects parameter 1 to be a valid callback, function 'limit_category_select1' not found or invalid function name in /Users/hiroki/Local Sites/nagisagas/app/public/wp-includes/class-wp-hook.php on line 287
[12-Nov-2020 07:34:14 UTC] PHP Stack trace:
[12-Nov-2020 07:34:14 UTC] PHP   1. {main}() /Users/hiroki/Local Sites/nagisagas/app/public/wp-admin/plugin-install.php:0
[12-Nov-2020 07:34:14 UTC] PHP   2. require_once() /Users/hiroki/Local Sites/nagisagas/app/public/wp-admin/plugin-install.php:186
[12-Nov-2020 07:34:14 UTC] PHP   3. do_action() /Users/hiroki/Local Sites/nagisagas/app/public/wp-admin/admin-footer.php:95
[12-Nov-2020 07:34:14 UTC] PHP   4. WP_Hook->do_action() /Users/hiroki/Local Sites/nagisagas/app/public/wp-includes/plugin.php:478
[12-Nov-2020 07:34:14 UTC] PHP   5. WP_Hook->apply_filters() /Users/hiroki/Local Sites/nagisagas/app/public/wp-includes/class-wp-hook.php:311
[12-Nov-2020 07:34:54 UTC] WordPress database error Table 'local.wp_ewwwio_images' doesn't exist for query SELECT id,path,updated FROM wp_ewwwio_images WHERE pending=0 AND image_size > 0 ORDER BY id DESC LIMIT 0,500 made by do_action_ref_array('ewww_image_optimizer_relative_migration'), WP_Hook->do_action, WP_Hook->apply_filters, EWWWIO_Relative_Migration->migrate, EWWWIO_Relative_Migration->get_records
[12-Nov-2020 07:34:54 UTC] PHP Warning:  call_user_func_array() expects parameter 1 to be a valid callback, function 'limit_category_select1' not found or invalid function name in /Users/hiroki/Local Sites/nagisagas/app/public/wp-includes/class-wp-hook.php on line 287
[12-Nov-2020 07:34:54 UTC] PHP Stack trace:
[12-Nov-2020 07:34:54 UTC] PHP   1. {main}() /Users/hiroki/Local Sites/nagisagas/app/public/wp-admin/plugins.php:0
[12-Nov-2020 07:34:54 UTC] PHP   2. require_once() /Users/hiroki/Local Sites/nagisagas/app/public/wp-admin/plugins.php:775
[12-Nov-2020 07:34:54 UTC] PHP   3. do_action() /Users/hiroki/Local Sites/nagisagas/app/public/wp-admin/admin-footer.php:95
[12-Nov-2020 07:34:54 UTC] PHP   4. WP_Hook->do_action() /Users/hiroki/Local Sites/nagisagas/app/public/wp-includes/plugin.php:478
[12-Nov-2020 07:34:54 UTC] PHP   5. WP_Hook->apply_filters() /Users/hiroki/Local Sites/nagisagas/app/public/wp-includes/class-wp-hook.php:311
[12-Nov-2020 07:36:13 UTC] PHP Warning:  call_user_func_array() expects parameter 1 to be a valid callback, function 'limit_category_select1' not found or invalid function name in /Users/hiroki/Local Sites/nagisagas/app/public/wp-includes/class-wp-hook.php on line 287
[12-Nov-2020 07:36:13 UTC] PHP Stack trace:
[12-Nov-2020 07:36:13 UTC] PHP   1. {main}() /Users/hiroki/Local Sites/nagisagas/app/public/wp-admin/upload.php:0
[12-Nov-2020 07:36:13 UTC] PHP   2. require_once() /Users/hiroki/Local Sites/nagisagas/app/public/wp-admin/upload.php:110
[12-Nov-2020 07:36:13 UTC] PHP   3. do_action() /Users/hiroki/Local Sites/nagisagas/app/public/wp-admin/admin-footer.php:95
[12-Nov-2020 07:36:13 UTC] PHP   4. WP_Hook->do_action() /Users/hiroki/Local Sites/nagisagas/app/public/wp-includes/plugin.php:478
[12-Nov-2020 07:36:13 UTC] PHP   5. WP_Hook->apply_filters() /Users/hiroki/Local Sites/nagisagas/app/public/wp-includes/class-wp-hook.php:311
[12-Nov-2020 07:36:35 UTC] PHP Warning:  call_user_func_array() expects parameter 1 to be a valid callback, function 'limit_category_select1' not found or invalid function name in /Users/hiroki/Local Sites/nagisagas/app/public/wp-includes/class-wp-hook.php on line 287
[12-Nov-2020 07:36:35 UTC] PHP Stack trace:
[12-Nov-2020 07:36:35 UTC] PHP   1. {main}() /Users/hiroki/Local Sites/nagisagas/app/public/wp-admin/tools.php:0
[12-Nov-2020 07:36:35 UTC] PHP   2. require_once() /Users/hiroki/Local Sites/nagisagas/app/public/wp-admin/tools.php:40
[12-Nov-2020 07:36:35 UTC] PHP   3. require_once() /Users/hiroki/Local Sites/nagisagas/app/public/wp-admin/admin.php:297
[12-Nov-2020 07:36:35 UTC] PHP   4. do_action() /Users/hiroki/Local Sites/nagisagas/app/public/wp-admin/admin-footer.php:95
[12-Nov-2020 07:36:35 UTC] PHP   5. WP_Hook->do_action() /Users/hiroki/Local Sites/nagisagas/app/public/wp-includes/plugin.php:478
[12-Nov-2020 07:36:35 UTC] PHP   6. WP_Hook->apply_filters() /Users/hiroki/Local Sites/nagisagas/app/public/wp-includes/class-wp-hook.php:311
[12-Nov-2020 07:36:47 UTC] PHP Warning:  call_user_func_array() expects parameter 1 to be a valid callback, function 'limit_category_select1' not found or invalid function name in /Users/hiroki/Local Sites/nagisagas/app/public/wp-includes/class-wp-hook.php on line 287
[12-Nov-2020 07:36:47 UTC] PHP Stack trace:
[12-Nov-2020 07:36:47 UTC] PHP   1. {main}() /Users/hiroki/Local Sites/nagisagas/app/public/wp-admin/tools.php:0
[12-Nov-2020 07:36:47 UTC] PHP   2. require_once() /Users/hiroki/Local Sites/nagisagas/app/public/wp-admin/tools.php:40
[12-Nov-2020 07:36:47 UTC] PHP   3. require_once() /Users/hiroki/Local Sites/nagisagas/app/public/wp-admin/admin.php:297
[12-Nov-2020 07:36:47 UTC] PHP   4. do_action() /Users/hiroki/Local Sites/nagisagas/app/public/wp-admin/admin-footer.php:95
[12-Nov-2020 07:36:47 UTC] PHP   5. WP_Hook->do_action() /Users/hiroki/Local Sites/nagisagas/app/public/wp-includes/plugin.php:478
[12-Nov-2020 07:36:47 UTC] PHP   6. WP_Hook->apply_filters() /Users/hiroki/Local Sites/nagisagas/app/public/wp-includes/class-wp-hook.php:311
[12-Nov-2020 07:36:51 UTC] PHP Warning:  call_user_func_array() expects parameter 1 to be a valid callback, function 'limit_category_select1' not found or invalid function name in /Users/hiroki/Local Sites/nagisagas/app/public/wp-includes/class-wp-hook.php on line 287
[12-Nov-2020 07:36:51 UTC] PHP Stack trace:
[12-Nov-2020 07:36:51 UTC] PHP   1. {main}() /Users/hiroki/Local Sites/nagisagas/app/public/wp-admin/tools.php:0
[12-Nov-2020 07:36:51 UTC] PHP   2. require_once() /Users/hiroki/Local Sites/nagisagas/app/public/wp-admin/tools.php:40
[12-Nov-2020 07:36:51 UTC] PHP   3. require_once() /Users/hiroki/Local Sites/nagisagas/app/public/wp-admin/admin.php:297
[12-Nov-2020 07:36:51 UTC] PHP   4. do_action() /Users/hiroki/Local Sites/nagisagas/app/public/wp-admin/admin-footer.php:95
[12-Nov-2020 07:36:51 UTC] PHP   5. WP_Hook->do_action() /Users/hiroki/Local Sites/nagisagas/app/public/wp-includes/plugin.php:478
[12-Nov-2020 07:36:51 UTC] PHP   6. WP_Hook->apply_filters() /Users/hiroki/Local Sites/nagisagas/app/public/wp-includes/class-wp-hook.php:311
[12-Nov-2020 07:40:42 UTC] PHP Warning:  call_user_func_array() expects parameter 1 to be a valid callback, function 'limit_category_select1' not found or invalid function name in /Users/hiroki/Local Sites/nagisagas/app/public/wp-includes/class-wp-hook.php on line 287
[12-Nov-2020 07:40:42 UTC] PHP Stack trace:
[12-Nov-2020 07:40:42 UTC] PHP   1. {main}() /Users/hiroki/Local Sites/nagisagas/app/public/wp-admin/options-general.php:0
[12-Nov-2020 07:40:42 UTC] PHP   2. require_once() /Users/hiroki/Local Sites/nagisagas/app/public/wp-admin/options-general.php:408
[12-Nov-2020 07:40:42 UTC] PHP   3. do_action() /Users/hiroki/Local Sites/nagisagas/app/public/wp-admin/admin-footer.php:95
[12-Nov-2020 07:40:42 UTC] PHP   4. WP_Hook->do_action() /Users/hiroki/Local Sites/nagisagas/app/public/wp-includes/plugin.php:478
[12-Nov-2020 07:40:42 UTC] PHP   5. WP_Hook->apply_filters() /Users/hiroki/Local Sites/nagisagas/app/public/wp-includes/class-wp-hook.php:311
[12-Nov-2020 07:40:45 UTC] PHP Warning:  call_user_func_array() expects parameter 1 to be a valid callback, function 'limit_category_select1' not found or invalid function name in /Users/hiroki/Local Sites/nagisagas/app/public/wp-includes/class-wp-hook.php on line 287
[12-Nov-2020 07:40:45 UTC] PHP Stack trace:
[12-Nov-2020 07:40:45 UTC] PHP   1. {main}() /Users/hiroki/Local Sites/nagisagas/app/public/wp-admin/options-general.php:0
[12-Nov-2020 07:40:45 UTC] PHP   2. require_once() /Users/hiroki/Local Sites/nagisagas/app/public/wp-admin/options-general.php:10
[12-Nov-2020 07:40:45 UTC] PHP   3. require_once() /Users/hiroki/Local Sites/nagisagas/app/public/wp-admin/admin.php:297
[12-Nov-2020 07:40:45 UTC] PHP   4. do_action() /Users/hiroki/Local Sites/nagisagas/app/public/wp-admin/admin-footer.php:95
[12-Nov-2020 07:40:45 UTC] PHP   5. WP_Hook->do_action() /Users/hiroki/Local Sites/nagisagas/app/public/wp-includes/plugin.php:478
[12-Nov-2020 07:40:45 UTC] PHP   6. WP_Hook->apply_filters() /Users/hiroki/Local Sites/nagisagas/app/public/wp-includes/class-wp-hook.php:311
[12-Nov-2020 07:43:47 UTC] PHP Warning:  call_user_func_array() expects parameter 1 to be a valid callback, function 'limit_category_select1' not found or invalid function name in /Users/hiroki/Local Sites/nagisagas/app/public/wp-includes/class-wp-hook.php on line 287
[12-Nov-2020 07:43:47 UTC] PHP Stack trace:
[12-Nov-2020 07:43:47 UTC] PHP   1. {main}() /Users/hiroki/Local Sites/nagisagas/app/public/wp-admin/options-general.php:0
[12-Nov-2020 07:43:47 UTC] PHP   2. require_once() /Users/hiroki/Local Sites/nagisagas/app/public/wp-admin/options-general.php:10
[12-Nov-2020 07:43:47 UTC] PHP   3. require_once() /Users/hiroki/Local Sites/nagisagas/app/public/wp-admin/admin.php:297
[12-Nov-2020 07:43:47 UTC] PHP   4. do_action() /Users/hiroki/Local Sites/nagisagas/app/public/wp-admin/admin-footer.php:95
[12-Nov-2020 07:43:47 UTC] PHP   5. WP_Hook->do_action() /Users/hiroki/Local Sites/nagisagas/app/public/wp-includes/plugin.php:478
[12-Nov-2020 07:43:47 UTC] PHP   6. WP_Hook->apply_filters() /Users/hiroki/Local Sites/nagisagas/app/public/wp-includes/class-wp-hook.php:311
[12-Nov-2020 08:00:55 UTC] PHP Warning:  call_user_func_array() expects parameter 1 to be a valid callback, function 'limit_category_select1' not found or invalid function name in /Users/hiroki/Local Sites/nagisagas/app/public/wp-includes/class-wp-hook.php on line 287
[12-Nov-2020 08:00:55 UTC] PHP Stack trace:
[12-Nov-2020 08:00:55 UTC] PHP   1. {main}() /Users/hiroki/Local Sites/nagisagas/app/public/wp-admin/options-general.php:0
[12-Nov-2020 08:00:55 UTC] PHP   2. require_once() /Users/hiroki/Local Sites/nagisagas/app/public/wp-admin/options-general.php:10
[12-Nov-2020 08:00:55 UTC] PHP   3. require_once() /Users/hiroki/Local Sites/nagisagas/app/public/wp-admin/admin.php:297
[12-Nov-2020 08:00:55 UTC] PHP   4. do_action() /Users/hiroki/Local Sites/nagisagas/app/public/wp-admin/admin-footer.php:95
[12-Nov-2020 08:00:55 UTC] PHP   5. WP_Hook->do_action() /Users/hiroki/Local Sites/nagisagas/app/public/wp-includes/plugin.php:478
[12-Nov-2020 08:00:55 UTC] PHP   6. WP_Hook->apply_filters() /Users/hiroki/Local Sites/nagisagas/app/public/wp-includes/class-wp-hook.php:311
[12-Nov-2020 08:01:13 UTC] PHP Warning:  call_user_func_array() expects parameter 1 to be a valid callback, function 'limit_category_select1' not found or invalid function name in /Users/hiroki/Local Sites/nagisagas/app/public/wp-includes/class-wp-hook.php on line 287
[12-Nov-2020 08:01:13 UTC] PHP Stack trace:
[12-Nov-2020 08:01:13 UTC] PHP   1. {main}() /Users/hiroki/Local Sites/nagisagas/app/public/wp-admin/upload.php:0
[12-Nov-2020 08:01:13 UTC] PHP   2. require_once() /Users/hiroki/Local Sites/nagisagas/app/public/wp-admin/upload.php:110
[12-Nov-2020 08:01:13 UTC] PHP   3. do_action() /Users/hiroki/Local Sites/nagisagas/app/public/wp-admin/admin-footer.php:95
[12-Nov-2020 08:01:13 UTC] PHP   4. WP_Hook->do_action() /Users/hiroki/Local Sites/nagisagas/app/public/wp-includes/plugin.php:478
[12-Nov-2020 08:01:13 UTC] PHP   5. WP_Hook->apply_filters() /Users/hiroki/Local Sites/nagisagas/app/public/wp-includes/class-wp-hook.php:311
[12-Nov-2020 08:02:41 UTC] PHP Warning:  call_user_func_array() expects parameter 1 to be a valid callback, function 'limit_category_select1' not found or invalid function name in /Users/hiroki/Local Sites/nagisagas/app/public/wp-includes/class-wp-hook.php on line 287
[12-Nov-2020 08:02:41 UTC] PHP Stack trace:
[12-Nov-2020 08:02:41 UTC] PHP   1. {main}() /Users/hiroki/Local Sites/nagisagas/app/public/wp-admin/upload.php:0
[12-Nov-2020 08:02:41 UTC] PHP   2. require_once() /Users/hiroki/Local Sites/nagisagas/app/public/wp-admin/upload.php:10
[12-Nov-2020 08:02:41 UTC] PHP   3. require_once() /Users/hiroki/Local Sites/nagisagas/app/public/wp-admin/admin.php:297
[12-Nov-2020 08:02:41 UTC] PHP   4. do_action() /Users/hiroki/Local Sites/nagisagas/app/public/wp-admin/admin-footer.php:95
[12-Nov-2020 08:02:41 UTC] PHP   5. WP_Hook->do_action() /Users/hiroki/Local Sites/nagisagas/app/public/wp-includes/plugin.php:478
[12-Nov-2020 08:02:41 UTC] PHP   6. WP_Hook->apply_filters() /Users/hiroki/Local Sites/nagisagas/app/public/wp-includes/class-wp-hook.php:311
[12-Nov-2020 08:02:53 UTC] PHP Warning:  call_user_func_array() expects parameter 1 to be a valid callback, function 'limit_category_select1' not found or invalid function name in /Users/hiroki/Local Sites/nagisagas/app/public/wp-includes/class-wp-hook.php on line 287
[12-Nov-2020 08:02:53 UTC] PHP Stack trace:
[12-Nov-2020 08:02:53 UTC] PHP   1. {main}() /Users/hiroki/Local Sites/nagisagas/app/public/wp-admin/tools.php:0
[12-Nov-2020 08:02:53 UTC] PHP   2. require_once() /Users/hiroki/Local Sites/nagisagas/app/public/wp-admin/tools.php:98
[12-Nov-2020 08:02:53 UTC] PHP   3. do_action() /Users/hiroki/Local Sites/nagisagas/app/public/wp-admin/admin-footer.php:95
[12-Nov-2020 08:02:53 UTC] PHP   4. WP_Hook->do_action() /Users/hiroki/Local Sites/nagisagas/app/public/wp-includes/plugin.php:478
[12-Nov-2020 08:02:53 UTC] PHP   5. WP_Hook->apply_filters() /Users/hiroki/Local Sites/nagisagas/app/public/wp-includes/class-wp-hook.php:311
[12-Nov-2020 08:03:00 UTC] PHP Warning:  call_user_func_array() expects parameter 1 to be a valid callback, function 'limit_category_select1' not found or invalid function name in /Users/hiroki/Local Sites/nagisagas/app/public/wp-includes/class-wp-hook.php on line 287
[12-Nov-2020 08:03:00 UTC] PHP Stack trace:
[12-Nov-2020 08:03:00 UTC] PHP   1. {main}() /Users/hiroki/Local Sites/nagisagas/app/public/wp-admin/options-general.php:0
[12-Nov-2020 08:03:00 UTC] PHP   2. require_once() /Users/hiroki/Local Sites/nagisagas/app/public/wp-admin/options-general.php:408
[12-Nov-2020 08:03:00 UTC] PHP   3. do_action() /Users/hiroki/Local Sites/nagisagas/app/public/wp-admin/admin-footer.php:95
[12-Nov-2020 08:03:00 UTC] PHP   4. WP_Hook->do_action() /Users/hiroki/Local Sites/nagisagas/app/public/wp-includes/plugin.php:478
[12-Nov-2020 08:03:00 UTC] PHP   5. WP_Hook->apply_filters() /Users/hiroki/Local Sites/nagisagas/app/public/wp-includes/class-wp-hook.php:311
[12-Nov-2020 08:03:37 UTC] PHP Warning:  call_user_func_array() expects parameter 1 to be a valid callback, function 'limit_category_select1' not found or invalid function name in /Users/hiroki/Local Sites/nagisagas/app/public/wp-includes/class-wp-hook.php on line 287
[12-Nov-2020 08:03:37 UTC] PHP Stack trace:
[12-Nov-2020 08:03:37 UTC] PHP   1. {main}() /Users/hiroki/Local Sites/nagisagas/app/public/wp-admin/options-general.php:0
[12-Nov-2020 08:03:37 UTC] PHP   2. require_once() /Users/hiroki/Local Sites/nagisagas/app/public/wp-admin/options-general.php:408
[12-Nov-2020 08:03:37 UTC] PHP   3. do_action() /Users/hiroki/Local Sites/nagisagas/app/public/wp-admin/admin-footer.php:95
[12-Nov-2020 08:03:37 UTC] PHP   4. WP_Hook->do_action() /Users/hiroki/Local Sites/nagisagas/app/public/wp-includes/plugin.php:478
[12-Nov-2020 08:03:37 UTC] PHP   5. WP_Hook->apply_filters() /Users/hiroki/Local Sites/nagisagas/app/public/wp-includes/class-wp-hook.php:311
[12-Nov-2020 08:06:06 UTC] PHP Warning:  call_user_func_array() expects parameter 1 to be a valid callback, function 'limit_category_select1' not found or invalid function name in /Users/hiroki/Local Sites/nagisagas/app/public/wp-includes/class-wp-hook.php on line 287
[12-Nov-2020 08:06:06 UTC] PHP Stack trace:
[12-Nov-2020 08:06:06 UTC] PHP   1. {main}() /Users/hiroki/Local Sites/nagisagas/app/public/wp-admin/upload.php:0
[12-Nov-2020 08:06:06 UTC] PHP   2. require_once() /Users/hiroki/Local Sites/nagisagas/app/public/wp-admin/upload.php:10
[12-Nov-2020 08:06:06 UTC] PHP   3. require_once() /Users/hiroki/Local Sites/nagisagas/app/public/wp-admin/admin.php:297
[12-Nov-2020 08:06:06 UTC] PHP   4. do_action() /Users/hiroki/Local Sites/nagisagas/app/public/wp-admin/admin-footer.php:95
[12-Nov-2020 08:06:06 UTC] PHP   5. WP_Hook->do_action() /Users/hiroki/Local Sites/nagisagas/app/public/wp-includes/plugin.php:478
[12-Nov-2020 08:06:06 UTC] PHP   6. WP_Hook->apply_filters() /Users/hiroki/Local Sites/nagisagas/app/public/wp-includes/class-wp-hook.php:311
[12-Nov-2020 08:06:49 UTC] PHP Warning:  call_user_func_array() expects parameter 1 to be a valid callback, function 'limit_category_select1' not found or invalid function name in /Users/hiroki/Local Sites/nagisagas/app/public/wp-includes/class-wp-hook.php on line 287
[12-Nov-2020 08:06:49 UTC] PHP Stack trace:
[12-Nov-2020 08:06:49 UTC] PHP   1. {main}() /Users/hiroki/Local Sites/nagisagas/app/public/wp-admin/options-general.php:0
[12-Nov-2020 08:06:49 UTC] PHP   2. require_once() /Users/hiroki/Local Sites/nagisagas/app/public/wp-admin/options-general.php:10
[12-Nov-2020 08:06:49 UTC] PHP   3. require_once() /Users/hiroki/Local Sites/nagisagas/app/public/wp-admin/admin.php:297
[12-Nov-2020 08:06:49 UTC] PHP   4. do_action() /Users/hiroki/Local Sites/nagisagas/app/public/wp-admin/admin-footer.php:95
[12-Nov-2020 08:06:49 UTC] PHP   5. WP_Hook->do_action() /Users/hiroki/Local Sites/nagisagas/app/public/wp-includes/plugin.php:478
[12-Nov-2020 08:06:49 UTC] PHP   6. WP_Hook->apply_filters() /Users/hiroki/Local Sites/nagisagas/app/public/wp-includes/class-wp-hook.php:311
[12-Nov-2020 08:45:49 UTC] PHP Warning:  call_user_func_array() expects parameter 1 to be a valid callback, function 'limit_category_select1' not found or invalid function name in /Users/hiroki/Local Sites/nagisagas/app/public/wp-includes/class-wp-hook.php on line 287
[12-Nov-2020 08:45:49 UTC] PHP Stack trace:
[12-Nov-2020 08:45:49 UTC] PHP   1. {main}() /Users/hiroki/Local Sites/nagisagas/app/public/wp-admin/upload.php:0
[12-Nov-2020 08:45:49 UTC] PHP   2. require_once() /Users/hiroki/Local Sites/nagisagas/app/public/wp-admin/upload.php:10
[12-Nov-2020 08:45:49 UTC] PHP   3. require_once() /Users/hiroki/Local Sites/nagisagas/app/public/wp-admin/admin.php:297
[12-Nov-2020 08:45:49 UTC] PHP   4. do_action() /Users/hiroki/Local Sites/nagisagas/app/public/wp-admin/admin-footer.php:95
[12-Nov-2020 08:45:49 UTC] PHP   5. WP_Hook->do_action() /Users/hiroki/Local Sites/nagisagas/app/public/wp-includes/plugin.php:478
[12-Nov-2020 08:45:49 UTC] PHP   6. WP_Hook->apply_filters() /Users/hiroki/Local Sites/nagisagas/app/public/wp-includes/class-wp-hook.php:311
[12-Nov-2020 08:46:26 UTC] PHP Warning:  call_user_func_array() expects parameter 1 to be a valid callback, function 'limit_category_select1' not found or invalid function name in /Users/hiroki/Local Sites/nagisagas/app/public/wp-includes/class-wp-hook.php on line 287
[12-Nov-2020 08:46:26 UTC] PHP Stack trace:
[12-Nov-2020 08:46:26 UTC] PHP   1. {main}() /Users/hiroki/Local Sites/nagisagas/app/public/wp-admin/media-new.php:0
[12-Nov-2020 08:46:26 UTC] PHP   2. require_once() /Users/hiroki/Local Sites/nagisagas/app/public/wp-admin/media-new.php:89
[12-Nov-2020 08:46:26 UTC] PHP   3. do_action() /Users/hiroki/Local Sites/nagisagas/app/public/wp-admin/admin-footer.php:95
[12-Nov-2020 08:46:26 UTC] PHP   4. WP_Hook->do_action() /Users/hiroki/Local Sites/nagisagas/app/public/wp-includes/plugin.php:478
[12-Nov-2020 08:46:26 UTC] PHP   5. WP_Hook->apply_filters() /Users/hiroki/Local Sites/nagisagas/app/public/wp-includes/class-wp-hook.php:311
[12-Nov-2020 08:51:05 UTC] PHP Warning:  call_user_func_array() expects parameter 1 to be a valid callback, function 'limit_category_select1' not found or invalid function name in /Users/hiroki/Local Sites/nagisagas/app/public/wp-includes/class-wp-hook.php on line 287
[12-Nov-2020 08:51:05 UTC] PHP Stack trace:
[12-Nov-2020 08:51:05 UTC] PHP   1. {main}() /Users/hiroki/Local Sites/nagisagas/app/public/wp-admin/media-new.php:0
[12-Nov-2020 08:51:05 UTC] PHP   2. require_once() /Users/hiroki/Local Sites/nagisagas/app/public/wp-admin/media-new.php:89
[12-Nov-2020 08:51:05 UTC] PHP   3. do_action() /Users/hiroki/Local Sites/nagisagas/app/public/wp-admin/admin-footer.php:95
[12-Nov-2020 08:51:05 UTC] PHP   4. WP_Hook->do_action() /Users/hiroki/Local Sites/nagisagas/app/public/wp-includes/plugin.php:478
[12-Nov-2020 08:51:05 UTC] PHP   5. WP_Hook->apply_filters() /Users/hiroki/Local Sites/nagisagas/app/public/wp-includes/class-wp-hook.php:311
[12-Nov-2020 08:51:06 UTC] PHP Warning:  call_user_func_array() expects parameter 1 to be a valid callback, function 'limit_category_select1' not found or invalid function name in /Users/hiroki/Local Sites/nagisagas/app/public/wp-includes/class-wp-hook.php on line 287
[12-Nov-2020 08:51:06 UTC] PHP Stack trace:
[12-Nov-2020 08:51:06 UTC] PHP   1. {main}() /Users/hiroki/Local Sites/nagisagas/app/public/wp-admin/upload.php:0
[12-Nov-2020 08:51:06 UTC] PHP   2. require_once() /Users/hiroki/Local Sites/nagisagas/app/public/wp-admin/upload.php:110
[12-Nov-2020 08:51:06 UTC] PHP   3. do_action() /Users/hiroki/Local Sites/nagisagas/app/public/wp-admin/admin-footer.php:95
[12-Nov-2020 08:51:06 UTC] PHP   4. WP_Hook->do_action() /Users/hiroki/Local Sites/nagisagas/app/public/wp-includes/plugin.php:478
[12-Nov-2020 08:51:06 UTC] PHP   5. WP_Hook->apply_filters() /Users/hiroki/Local Sites/nagisagas/app/public/wp-includes/class-wp-hook.php:311
[13-Nov-2020 01:04:44 UTC] PHP Warning:  call_user_func_array() expects parameter 1 to be a valid callback, function 'limit_category_select1' not found or invalid function name in /Users/hiroki/Local Sites/nagisagas/app/public/wp-includes/class-wp-hook.php on line 287
[13-Nov-2020 01:04:44 UTC] PHP Stack trace:
[13-Nov-2020 01:04:44 UTC] PHP   1. {main}() /Users/hiroki/Local Sites/nagisagas/app/public/wp-admin/themes.php:0
[13-Nov-2020 01:04:44 UTC] PHP   2. require_once() /Users/hiroki/Local Sites/nagisagas/app/public/wp-admin/themes.php:1139
[13-Nov-2020 01:04:44 UTC] PHP   3. do_action() /Users/hiroki/Local Sites/nagisagas/app/public/wp-admin/admin-footer.php:95
[13-Nov-2020 01:04:44 UTC] PHP   4. WP_Hook->do_action() /Users/hiroki/Local Sites/nagisagas/app/public/wp-includes/plugin.php:478
[13-Nov-2020 01:04:44 UTC] PHP   5. WP_Hook->apply_filters() /Users/hiroki/Local Sites/nagisagas/app/public/wp-includes/class-wp-hook.php:311
[13-Nov-2020 01:05:41 UTC] PHP Warning:  call_user_func_array() expects parameter 1 to be a valid callback, function 'limit_category_select1' not found or invalid function name in /Users/hiroki/Local Sites/nagisagas/app/public/wp-includes/class-wp-hook.php on line 287
[13-Nov-2020 01:05:41 UTC] PHP Stack trace:
[13-Nov-2020 01:05:41 UTC] PHP   1. {main}() /Users/hiroki/Local Sites/nagisagas/app/public/wp-admin/themes.php:0
[13-Nov-2020 01:05:41 UTC] PHP   2. require_once() /Users/hiroki/Local Sites/nagisagas/app/public/wp-admin/themes.php:1139
[13-Nov-2020 01:05:41 UTC] PHP   3. do_action() /Users/hiroki/Local Sites/nagisagas/app/public/wp-admin/admin-footer.php:95
[13-Nov-2020 01:05:41 UTC] PHP   4. WP_Hook->do_action() /Users/hiroki/Local Sites/nagisagas/app/public/wp-includes/plugin.php:478
[13-Nov-2020 01:05:41 UTC] PHP   5. WP_Hook->apply_filters() /Users/hiroki/Local Sites/nagisagas/app/public/wp-includes/class-wp-hook.php:311
[13-Nov-2020 01:06:04 UTC] PHP Warning:  call_user_func_array() expects parameter 1 to be a valid callback, function 'limit_category_select1' not found or invalid function name in /Users/hiroki/Local Sites/nagisagas/app/public/wp-includes/class-wp-hook.php on line 287
[13-Nov-2020 01:06:04 UTC] PHP Stack trace:
[13-Nov-2020 01:06:04 UTC] PHP   1. {main}() /Users/hiroki/Local Sites/nagisagas/app/public/wp-admin/themes.php:0
[13-Nov-2020 01:06:04 UTC] PHP   2. require_once() /Users/hiroki/Local Sites/nagisagas/app/public/wp-admin/themes.php:1139
[13-Nov-2020 01:06:04 UTC] PHP   3. do_action() /Users/hiroki/Local Sites/nagisagas/app/public/wp-admin/admin-footer.php:95
[13-Nov-2020 01:06:04 UTC] PHP   4. WP_Hook->do_action() /Users/hiroki/Local Sites/nagisagas/app/public/wp-includes/plugin.php:478
[13-Nov-2020 01:06:04 UTC] PHP   5. WP_Hook->apply_filters() /Users/hiroki/Local Sites/nagisagas/app/public/wp-includes/class-wp-hook.php:311
[14-Nov-2020 11:54:34 UTC] PHP Warning:  call_user_func_array() expects parameter 1 to be a valid callback, function 'limit_category_select1' not found or invalid function name in /Users/hiroki/Local Sites/nagisagas/app/public/wp-includes/class-wp-hook.php on line 287
[14-Nov-2020 11:54:34 UTC] PHP Stack trace:
[14-Nov-2020 11:54:34 UTC] PHP   1. {main}() /Users/hiroki/Local Sites/nagisagas/app/public/wp-admin/index.php:0
[14-Nov-2020 11:54:34 UTC] PHP   2. require_once() /Users/hiroki/Local Sites/nagisagas/app/public/wp-admin/index.php:185
[14-Nov-2020 11:54:34 UTC] PHP   3. do_action() /Users/hiroki/Local Sites/nagisagas/app/public/wp-admin/admin-footer.php:95
[14-Nov-2020 11:54:34 UTC] PHP   4. WP_Hook->do_action() /Users/hiroki/Local Sites/nagisagas/app/public/wp-includes/plugin.php:478
[14-Nov-2020 11:54:34 UTC] PHP   5. WP_Hook->apply_filters() /Users/hiroki/Local Sites/nagisagas/app/public/wp-includes/class-wp-hook.php:311
[14-Nov-2020 11:54:42 UTC] PHP Warning:  call_user_func_array() expects parameter 1 to be a valid callback, function 'limit_category_select1' not found or invalid function name in /Users/hiroki/Local Sites/nagisagas/app/public/wp-includes/class-wp-hook.php on line 287
[14-Nov-2020 11:54:42 UTC] PHP Stack trace:
[14-Nov-2020 11:54:42 UTC] PHP   1. {main}() /Users/hiroki/Local Sites/nagisagas/app/public/wp-admin/update-core.php:0
[14-Nov-2020 11:54:42 UTC] PHP   2. require_once() /Users/hiroki/Local Sites/nagisagas/app/public/wp-admin/update-core.php:912
[14-Nov-2020 11:54:42 UTC] PHP   3. do_action() /Users/hiroki/Local Sites/nagisagas/app/public/wp-admin/admin-footer.php:95
[14-Nov-2020 11:54:42 UTC] PHP   4. WP_Hook->do_action() /Users/hiroki/Local Sites/nagisagas/app/public/wp-includes/plugin.php:478
[14-Nov-2020 11:54:42 UTC] PHP   5. WP_Hook->apply_filters() /Users/hiroki/Local Sites/nagisagas/app/public/wp-includes/class-wp-hook.php:311
[14-Nov-2020 11:54:44 UTC] PHP Warning:  call_user_func_array() expects parameter 1 to be a valid callback, function 'limit_category_select1' not found or invalid function name in /Users/hiroki/Local Sites/nagisagas/app/public/wp-includes/class-wp-hook.php on line 287
[14-Nov-2020 11:54:44 UTC] PHP Stack trace:
[14-Nov-2020 11:54:44 UTC] PHP   1. {main}() /Users/hiroki/Local Sites/nagisagas/app/public/wp-admin/plugins.php:0
[14-Nov-2020 11:54:44 UTC] PHP   2. require_once() /Users/hiroki/Local Sites/nagisagas/app/public/wp-admin/plugins.php:775
[14-Nov-2020 11:54:44 UTC] PHP   3. do_action() /Users/hiroki/Local Sites/nagisagas/app/public/wp-admin/admin-footer.php:95
[14-Nov-2020 11:54:44 UTC] PHP   4. WP_Hook->do_action() /Users/hiroki/Local Sites/nagisagas/app/public/wp-includes/plugin.php:478
[14-Nov-2020 11:54:44 UTC] PHP   5. WP_Hook->apply_filters() /Users/hiroki/Local Sites/nagisagas/app/public/wp-includes/class-wp-hook.php:311
[14-Nov-2020 11:55:01 UTC] PHP Warning:  call_user_func_array() expects parameter 1 to be a valid callback, function 'limit_category_select1' not found or invalid function name in /Users/hiroki/Local Sites/nagisagas/app/public/wp-includes/class-wp-hook.php on line 287
[14-Nov-2020 11:55:01 UTC] PHP Stack trace:
[14-Nov-2020 11:55:01 UTC] PHP   1. {main}() /Users/hiroki/Local Sites/nagisagas/app/public/wp-admin/upload.php:0
[14-Nov-2020 11:55:01 UTC] PHP   2. require_once() /Users/hiroki/Local Sites/nagisagas/app/public/wp-admin/upload.php:110
[14-Nov-2020 11:55:01 UTC] PHP   3. do_action() /Users/hiroki/Local Sites/nagisagas/app/public/wp-admin/admin-footer.php:95
[14-Nov-2020 11:55:01 UTC] PHP   4. WP_Hook->do_action() /Users/hiroki/Local Sites/nagisagas/app/public/wp-includes/plugin.php:478
[14-Nov-2020 11:55:01 UTC] PHP   5. WP_Hook->apply_filters() /Users/hiroki/Local Sites/nagisagas/app/public/wp-includes/class-wp-hook.php:311
[14-Nov-2020 11:55:10 UTC] PHP Warning:  call_user_func_array() expects parameter 1 to be a valid callback, function 'limit_category_select1' not found or invalid function name in /Users/hiroki/Local Sites/nagisagas/app/public/wp-includes/class-wp-hook.php on line 287
[14-Nov-2020 11:55:10 UTC] PHP Stack trace:
[14-Nov-2020 11:55:10 UTC] PHP   1. {main}() /Users/hiroki/Local Sites/nagisagas/app/public/wp-admin/upload.php:0
[14-Nov-2020 11:55:10 UTC] PHP   2. require_once() /Users/hiroki/Local Sites/nagisagas/app/public/wp-admin/upload.php:10
[14-Nov-2020 11:55:10 UTC] PHP   3. require_once() /Users/hiroki/Local Sites/nagisagas/app/public/wp-admin/admin.php:297
[14-Nov-2020 11:55:10 UTC] PHP   4. do_action() /Users/hiroki/Local Sites/nagisagas/app/public/wp-admin/admin-footer.php:95
[14-Nov-2020 11:55:10 UTC] PHP   5. WP_Hook->do_action() /Users/hiroki/Local Sites/nagisagas/app/public/wp-includes/plugin.php:478
[14-Nov-2020 11:55:10 UTC] PHP   6. WP_Hook->apply_filters() /Users/hiroki/Local Sites/nagisagas/app/public/wp-includes/class-wp-hook.php:311
[14-Nov-2020 11:55:11 UTC] PHP Warning:  call_user_func_array() expects parameter 1 to be a valid callback, function 'limit_category_select1' not found or invalid function name in /Users/hiroki/Local Sites/nagisagas/app/public/wp-includes/class-wp-hook.php on line 287
[14-Nov-2020 11:55:11 UTC] PHP Stack trace:
[14-Nov-2020 11:55:11 UTC] PHP   1. {main}() /Users/hiroki/Local Sites/nagisagas/app/public/wp-admin/media-new.php:0
[14-Nov-2020 11:55:11 UTC] PHP   2. require_once() /Users/hiroki/Local Sites/nagisagas/app/public/wp-admin/media-new.php:89
[14-Nov-2020 11:55:11 UTC] PHP   3. do_action() /Users/hiroki/Local Sites/nagisagas/app/public/wp-admin/admin-footer.php:95
[14-Nov-2020 11:55:11 UTC] PHP   4. WP_Hook->do_action() /Users/hiroki/Local Sites/nagisagas/app/public/wp-includes/plugin.php:478
[14-Nov-2020 11:55:11 UTC] PHP   5. WP_Hook->apply_filters() /Users/hiroki/Local Sites/nagisagas/app/public/wp-includes/class-wp-hook.php:311
[14-Nov-2020 13:51:07 UTC] PHP Warning:  call_user_func_array() expects parameter 1 to be a valid callback, function 'limit_category_select1' not found or invalid function name in /Users/hiroki/Local Sites/nagisagas/app/public/wp-includes/class-wp-hook.php on line 287
[14-Nov-2020 13:51:07 UTC] PHP Stack trace:
[14-Nov-2020 13:51:07 UTC] PHP   1. {main}() /Users/hiroki/Local Sites/nagisagas/app/public/wp-admin/upload.php:0
[14-Nov-2020 13:51:07 UTC] PHP   2. require_once() /Users/hiroki/Local Sites/nagisagas/app/public/wp-admin/upload.php:110
[14-Nov-2020 13:51:07 UTC] PHP   3. do_action() /Users/hiroki/Local Sites/nagisagas/app/public/wp-admin/admin-footer.php:95
[14-Nov-2020 13:51:07 UTC] PHP   4. WP_Hook->do_action() /Users/hiroki/Local Sites/nagisagas/app/public/wp-includes/plugin.php:478
[14-Nov-2020 13:51:07 UTC] PHP   5. WP_Hook->apply_filters() /Users/hiroki/Local Sites/nagisagas/app/public/wp-includes/class-wp-hook.php:311
[14-Nov-2020 13:51:08 UTC] PHP Warning:  call_user_func_array() expects parameter 1 to be a valid callback, function 'limit_category_select1' not found or invalid function name in /Users/hiroki/Local Sites/nagisagas/app/public/wp-includes/class-wp-hook.php on line 287
[14-Nov-2020 13:51:08 UTC] PHP Stack trace:
[14-Nov-2020 13:51:08 UTC] PHP   1. {main}() /Users/hiroki/Local Sites/nagisagas/app/public/wp-admin/upload.php:0
[14-Nov-2020 13:51:08 UTC] PHP   2. require_once() /Users/hiroki/Local Sites/nagisagas/app/public/wp-admin/upload.php:110
[14-Nov-2020 13:51:08 UTC] PHP   3. do_action() /Users/hiroki/Local Sites/nagisagas/app/public/wp-admin/admin-footer.php:95
[14-Nov-2020 13:51:08 UTC] PHP   4. WP_Hook->do_action() /Users/hiroki/Local Sites/nagisagas/app/public/wp-includes/plugin.php:478
[14-Nov-2020 13:51:08 UTC] PHP   5. WP_Hook->apply_filters() /Users/hiroki/Local Sites/nagisagas/app/public/wp-includes/class-wp-hook.php:311
[14-Nov-2020 13:51:22 UTC] PHP Warning:  call_user_func_array() expects parameter 1 to be a valid callback, function 'limit_category_select1' not found or invalid function name in /Users/hiroki/Local Sites/nagisagas/app/public/wp-includes/class-wp-hook.php on line 287
[14-Nov-2020 13:51:22 UTC] PHP Stack trace:
[14-Nov-2020 13:51:22 UTC] PHP   1. {main}() /Users/hiroki/Local Sites/nagisagas/app/public/wp-admin/upload.php:0
[14-Nov-2020 13:51:22 UTC] PHP   2. require_once() /Users/hiroki/Local Sites/nagisagas/app/public/wp-admin/upload.php:110
[14-Nov-2020 13:51:22 UTC] PHP   3. do_action() /Users/hiroki/Local Sites/nagisagas/app/public/wp-admin/admin-footer.php:95
[14-Nov-2020 13:51:22 UTC] PHP   4. WP_Hook->do_action() /Users/hiroki/Local Sites/nagisagas/app/public/wp-includes/plugin.php:478
[14-Nov-2020 13:51:22 UTC] PHP   5. WP_Hook->apply_filters() /Users/hiroki/Local Sites/nagisagas/app/public/wp-includes/class-wp-hook.php:311
[14-Nov-2020 14:21:55 UTC] PHP Parse error:  syntax error, unexpected '}', expecting ')' in /Users/hiroki/Local Sites/nagisagas/app/public/wp-content/themes/nagisa-gas-code/functions.php on line 468
[14-Nov-2020 14:37:31 UTC] PHP Fatal error:  Uncaught Error: Call to undefined function get_header() in /Users/hiroki/Local Sites/nagisagas/app/public/wp-content/themes/nagisa-gas-code/index.php:1
Stack trace:
#0 {main}
  thrown in /Users/hiroki/Local Sites/nagisagas/app/public/wp-content/themes/nagisa-gas-code/index.php on line 1
[14-Nov-2020 14:43:08 UTC] PHP Fatal error:  Uncaught Error: Call to undefined function get_header() in /Users/hiroki/Local Sites/nagisagas/app/public/wp-content/themes/nagisa-gas-code/index.php:1
Stack trace:
#0 {main}
  thrown in /Users/hiroki/Local Sites/nagisagas/app/public/wp-content/themes/nagisa-gas-code/index.php on line 1
[14-Nov-2020 14:45:58 UTC] PHP Fatal error:  Uncaught Error: Call to undefined function get_header() in /Users/hiroki/Local Sites/nagisagas/app/public/wp-content/themes/nagisa-gas-code/index.php:1
Stack trace:
#0 {main}
  thrown in /Users/hiroki/Local Sites/nagisagas/app/public/wp-content/themes/nagisa-gas-code/index.php on line 1
[14-Nov-2020 14:47:18 UTC] PHP Fatal error:  Uncaught Error: Call to undefined function get_header() in /Users/hiroki/Local Sites/nagisagas/app/public/wp-content/themes/nagisa-gas-code/index.php:1
Stack trace:
#0 {main}
  thrown in /Users/hiroki/Local Sites/nagisagas/app/public/wp-content/themes/nagisa-gas-code/index.php on line 1
[14-Nov-2020 14:47:55 UTC] PHP Fatal error:  Uncaught Error: Call to undefined function get_header() in /Users/hiroki/Local Sites/nagisagas/app/public/wp-content/themes/nagisa-gas-code/index.php:1
Stack trace:
#0 {main}
  thrown in /Users/hiroki/Local Sites/nagisagas/app/public/wp-content/themes/nagisa-gas-code/index.php on line 1
[14-Nov-2020 14:48:07 UTC] PHP Fatal error:  Uncaught Error: Call to undefined function get_header() in /Users/hiroki/Local Sites/nagisagas/app/public/wp-content/themes/nagisa-gas-code/index.php:1
Stack trace:
#0 {main}
  thrown in /Users/hiroki/Local Sites/nagisagas/app/public/wp-content/themes/nagisa-gas-code/index.php on line 1
[15-Nov-2020 02:17:43 UTC] PHP Fatal error:  Uncaught Error: Call to undefined function get_header() in /Users/hiroki/Local Sites/nagisagas/app/public/wp-content/themes/nagisa-gas-code/index.php:1
Stack trace:
#0 {main}
  thrown in /Users/hiroki/Local Sites/nagisagas/app/public/wp-content/themes/nagisa-gas-code/index.php on line 1
[15-Nov-2020 02:19:30 UTC] PHP Fatal error:  Uncaught Error: Call to undefined function get_header() in /Users/hiroki/Local Sites/nagisagas/app/public/wp-content/themes/nagisa-gas-code/index.php:1
Stack trace:
#0 {main}
  thrown in /Users/hiroki/Local Sites/nagisagas/app/public/wp-content/themes/nagisa-gas-code/index.php on line 1
[15-Nov-2020 02:21:53 UTC] PHP Fatal error:  Uncaught Error: Call to undefined function get_header() in /Users/hiroki/Local Sites/nagisagas/app/public/wp-content/themes/nagisa-gas-code/index.php:1
Stack trace:
#0 {main}
  thrown in /Users/hiroki/Local Sites/nagisagas/app/public/wp-content/themes/nagisa-gas-code/index.php on line 1
